TpTrace Verbose: 0 : 14188, 1, 2023/05/12, 00:10:52.637, 235634889795, vstest.console.dll, Version: 17.5.0-release-20221220-01 Current process architecture: X64
TpTrace Verbose: 0 : 14188, 1, 2023/05/12, 00:10:52.640, 235634918619, vstest.console.dll, Runtime location: C:\Program Files\dotnet\shared\Microsoft.NETCore.App\7.0.5
TpTrace Verbose: 0 : 14188, 1, 2023/05/12, 00:10:52.645, 235634965213, vstest.console.dll, ArtifactProcessingPostProcessModeProcessorExecutor.Initialize: ArtifactProcessingMode.Collect
TpTrace Verbose: 0 : 14188, 1, 2023/05/12, 00:10:52.645, 235634967791, vstest.console.dll, TestSessionCorrelationIdProcessorModeProcessorExecutor.Initialize: TestSessionCorrelationId '3104_5c01da8f-45fe-44d7-a242-d0f3b3bd3e9f'
TpTrace Information: 0 : 14188, 1, 2023/05/12, 00:10:52.662, 235635137142, vstest.console.dll, FilePatternParser: The given file D:\Design_patterns\Singleton\Singleton\Singleton\bin\Debug\net6.0\fine-code-coverage\build-output\Singleton.dll is a full path.
TpTrace Verbose: 0 : 14188, 1, 2023/05/12, 00:10:52.672, 235635230594, vstest.console.dll, TestPluginCache.DiscoverTestExtensions: finding test extensions in assemblies ends with: RuntimeProvider.dll TPluginInfo: Microsoft.VisualStudio.TestPlatform.Common.ExtensionFramework.Utilities.TestRuntimePluginInformation TExtension: Microsoft.VisualStudio.TestPlatform.ObjectModel.Host.ITestRuntimeProvider
TpTrace Verbose: 0 : 14188, 1, 2023/05/12, 00:10:52.672, 235635236986, vstest.console.dll, TestPluginCache.GetExtensionPaths: Filtered extension paths: 
TpTrace Verbose: 0 : 14188, 1, 2023/05/12, 00:10:52.672, 235635239019, vstest.console.dll, TestPluginCache.GetExtensionPaths: Added default extension paths: C:\Program Files\dotnet\sdk\7.0.203\Extensions\Microsoft.Diagnostics.NETCore.Client.dll
C:\Program Files\dotnet\sdk\7.0.203\Extensions\Microsoft.TestPlatform.Extensions.BlameDataCollector.dll
C:\Program Files\dotnet\sdk\7.0.203\Extensions\Microsoft.TestPlatform.Extensions.EventLogCollector.dll
C:\Program Files\dotnet\sdk\7.0.203\Extensions\Microsoft.TestPlatform.TestHostRuntimeProvider.dll
C:\Program Files\dotnet\sdk\7.0.203\Extensions\Microsoft.VisualStudio.TestPlatform.Extensions.Html.TestLogger.dll
C:\Program Files\dotnet\sdk\7.0.203\Extensions\Microsoft.VisualStudio.TestPlatform.Extensions.Trx.TestLogger.dll
TpTrace Verbose: 0 : 14188, 1, 2023/05/12, 00:10:52.672, 235635239845, vstest.console.dll, TestPluginCache.GetExtensionPaths: Added unfilterableExtensionPaths: 
TpTrace Information: 0 : 14188, 1, 2023/05/12, 00:10:52.674, 235635252230, vstest.console.dll, AssemblyResolver.ctor: Creating AssemblyResolver with searchDirectories C:\Program Files\dotnet\sdk\7.0.203\Extensions,C:\Program Files\dotnet\sdk\7.0.203
TpTrace Verbose: 0 : 14188, 1, 2023/05/12, 00:10:52.676, 235635278695, vstest.console.dll, TestPluginCache.DiscoverTestExtensions: Discovering the extensions using extension path.
TpTrace Verbose: 0 : 14188, 1, 2023/05/12, 00:10:52.677, 235635281490, vstest.console.dll, TestPluginCache.GetExtensionPaths: Filtered extension paths: 
TpTrace Verbose: 0 : 14188, 1, 2023/05/12, 00:10:52.677, 235635282529, vstest.console.dll, TestPluginCache.GetExtensionPaths: Added default extension paths: C:\Program Files\dotnet\sdk\7.0.203\Extensions\Microsoft.Diagnostics.NETCore.Client.dll
C:\Program Files\dotnet\sdk\7.0.203\Extensions\Microsoft.TestPlatform.Extensions.BlameDataCollector.dll
C:\Program Files\dotnet\sdk\7.0.203\Extensions\Microsoft.TestPlatform.Extensions.EventLogCollector.dll
C:\Program Files\dotnet\sdk\7.0.203\Extensions\Microsoft.TestPlatform.TestHostRuntimeProvider.dll
C:\Program Files\dotnet\sdk\7.0.203\Extensions\Microsoft.VisualStudio.TestPlatform.Extensions.Html.TestLogger.dll
C:\Program Files\dotnet\sdk\7.0.203\Extensions\Microsoft.VisualStudio.TestPlatform.Extensions.Trx.TestLogger.dll
TpTrace Verbose: 0 : 14188, 1, 2023/05/12, 00:10:52.677, 235635283202, vstest.console.dll, TestPluginCache.GetExtensionPaths: Added unfilterableExtensionPaths: 
TpTrace Verbose: 0 : 14188, 1, 2023/05/12, 00:10:52.677, 235635285320, vstest.console.dll, TestPluginCache.DiscoverTestExtensions: Discovering the extensions using allExtensionPaths: C:\Program Files\dotnet\sdk\7.0.203\Extensions\Microsoft.Diagnostics.NETCore.Client.dll
C:\Program Files\dotnet\sdk\7.0.203\Extensions\Microsoft.TestPlatform.Extensions.BlameDataCollector.dll
C:\Program Files\dotnet\sdk\7.0.203\Extensions\Microsoft.TestPlatform.Extensions.EventLogCollector.dll
C:\Program Files\dotnet\sdk\7.0.203\Extensions\Microsoft.TestPlatform.TestHostRuntimeProvider.dll
C:\Program Files\dotnet\sdk\7.0.203\Extensions\Microsoft.VisualStudio.TestPlatform.Extensions.Html.TestLogger.dll
C:\Program Files\dotnet\sdk\7.0.203\Extensions\Microsoft.VisualStudio.TestPlatform.Extensions.Trx.TestLogger.dll
TpTrace Information: 0 : 14188, 1, 2023/05/12, 00:10:52.677, 235635288567, vstest.console.dll, AssemblyResolver.AddSearchDirectories: Adding more searchDirectories C:\Program Files\dotnet\sdk\7.0.203\Extensions,C:\Program Files\dotnet\sdk\7.0.203
TpTrace Information: 0 : 14188, 1, 2023/05/12, 00:10:52.678, 235635290513, vstest.console.dll, AssemblyResolver.AddSearchDirectories: Adding more searchDirectories C:\Program Files\dotnet\sdk\7.0.203\Extensions,C:\Program Files\dotnet\sdk\7.0.203
TpTrace Information: 0 : 14188, 1, 2023/05/12, 00:10:52.678, 235635291324, vstest.console.dll, AssemblyResolver.AddSearchDirectories: Adding more searchDirectories C:\Program Files\dotnet\sdk\7.0.203\Extensions,C:\Program Files\dotnet\sdk\7.0.203
TpTrace Information: 0 : 14188, 1, 2023/05/12, 00:10:52.678, 235635291938, vstest.console.dll, AssemblyResolver.AddSearchDirectories: Adding more searchDirectories C:\Program Files\dotnet\sdk\7.0.203\Extensions,C:\Program Files\dotnet\sdk\7.0.203
TpTrace Information: 0 : 14188, 1, 2023/05/12, 00:10:52.678, 235635292542, vstest.console.dll, AssemblyResolver.AddSearchDirectories: Adding more searchDirectories C:\Program Files\dotnet\sdk\7.0.203\Extensions,C:\Program Files\dotnet\sdk\7.0.203
TpTrace Information: 0 : 14188, 1, 2023/05/12, 00:10:52.678, 235635293231, vstest.console.dll, AssemblyResolver.AddSearchDirectories: Adding more searchDirectories C:\Program Files\dotnet\sdk\7.0.203\Extensions,C:\Program Files\dotnet\sdk\7.0.203
TpTrace Information: 0 : 14188, 1, 2023/05/12, 00:10:52.679, 235635300604, vstest.console.dll, AssemblyResolver.OnResolve: Microsoft.Diagnostics.NETCore.Client: Resolving assembly.
TpTrace Information: 0 : 14188, 1, 2023/05/12, 00:10:52.679, 235635302460, vstest.console.dll, AssemblyResolver.OnResolve: Microsoft.Diagnostics.NETCore.Client: Searching in: 'C:\Program Files\dotnet\sdk\7.0.203\Extensions'.
TpTrace Information: 0 : 14188, 1, 2023/05/12, 00:10:52.698, 235635491379, vstest.console.dll, AssemblyResolver.OnResolve: Microsoft.Diagnostics.NETCore.Client: Loading assembly 'C:\Program Files\dotnet\sdk\7.0.203\Extensions\Microsoft.Diagnostics.NETCore.Client.dll'.
TpTrace Information: 0 : 14188, 1, 2023/05/12, 00:10:52.699, 235635503592, vstest.console.dll, AssemblyResolver.OnResolve: Resolved assembly: Microsoft.Diagnostics.NETCore.Client, from path: C:\Program Files\dotnet\sdk\7.0.203\Extensions\Microsoft.Diagnostics.NETCore.Client.dll
TpTrace Verbose: 0 : 14188, 1, 2023/05/12, 00:10:52.701, 235635524190, vstest.console.dll, MetadataReaderExtensionsHelper: Discovering extensions inside assembly 'Microsoft.Diagnostics.NETCore.Client, Version=0.2.6.42401, Culture=neutral, PublicKeyToken=31bf3856ad364e35' file path 'C:\Program Files\dotnet\sdk\7.0.203\Extensions\Microsoft.Diagnostics.NETCore.Client.dll'
TpTrace Information: 0 : 14188, 1, 2023/05/12, 00:10:52.709, 235635606420, vstest.console.dll, AssemblyResolver.OnResolve: Microsoft.Bcl.AsyncInterfaces: Resolving assembly.
TpTrace Information: 0 : 14188, 1, 2023/05/12, 00:10:52.709, 235635608145, vstest.console.dll, AssemblyResolver.OnResolve: Microsoft.Bcl.AsyncInterfaces: Searching in: 'C:\Program Files\dotnet\sdk\7.0.203\Extensions'.
TpTrace Information: 0 : 14188, 1, 2023/05/12, 00:10:52.710, 235635610001, vstest.console.dll, AssemblyResolver.OnResolve: Microsoft.Bcl.AsyncInterfaces: Assembly path does not exist: 'C:\Program Files\dotnet\sdk\7.0.203\Extensions\Microsoft.Bcl.AsyncInterfaces.dll', returning.
TpTrace Information: 0 : 14188, 1, 2023/05/12, 00:10:52.710, 235635612036, vstest.console.dll, AssemblyResolver.OnResolve: Microsoft.Bcl.AsyncInterfaces: Assembly path does not exist: 'C:\Program Files\dotnet\sdk\7.0.203\Extensions\Microsoft.Bcl.AsyncInterfaces.exe', returning.
TpTrace Information: 0 : 14188, 1, 2023/05/12, 00:10:52.710, 235635612675, vstest.console.dll, AssemblyResolver.OnResolve: Microsoft.Bcl.AsyncInterfaces: Searching in: 'C:\Program Files\dotnet\sdk\7.0.203'.
TpTrace Information: 0 : 14188, 1, 2023/05/12, 00:10:52.710, 235635613826, vstest.console.dll, AssemblyResolver.OnResolve: Microsoft.Bcl.AsyncInterfaces: Assembly path does not exist: 'C:\Program Files\dotnet\sdk\7.0.203\Microsoft.Bcl.AsyncInterfaces.dll', returning.
TpTrace Information: 0 : 14188, 1, 2023/05/12, 00:10:52.710, 235635614832, vstest.console.dll, AssemblyResolver.OnResolve: Microsoft.Bcl.AsyncInterfaces: Assembly path does not exist: 'C:\Program Files\dotnet\sdk\7.0.203\Microsoft.Bcl.AsyncInterfaces.exe', returning.
TpTrace Information: 0 : 14188, 1, 2023/05/12, 00:10:52.710, 235635615446, vstest.console.dll, AssemblyResolver.OnResolve: Microsoft.Bcl.AsyncInterfaces: Failed to load assembly.
TpTrace Verbose: 0 : 14188, 1, 2023/05/12, 00:10:52.710, 235635616156, vstest.console.dll, CurrentDomainAssemblyResolve: Resolving assembly 'Microsoft.Bcl.AsyncInterfaces'.
TpTrace Information: 0 : 14188, 1, 2023/05/12, 00:10:52.710, 235635617318, vstest.console.dll, AssemblyResolver.OnResolve: Microsoft.Bcl.AsyncInterfaces: Resolving assembly.
TpTrace Information: 0 : 14188, 1, 2023/05/12, 00:10:52.710, 235635618025, vstest.console.dll, AssemblyResolver.OnResolve: Microsoft.Bcl.AsyncInterfaces: Resolved from cache.
TpTrace Verbose: 0 : 14188, 1, 2023/05/12, 00:10:52.710, 235635618571, vstest.console.dll, CurrentDomainAssemblyResolve: Resolving assembly 'Microsoft.Bcl.AsyncInterfaces'.
TpTrace Verbose: 0 : 14188, 1, 2023/05/12, 00:10:52.710, 235635619180, vstest.console.dll, CurrentDomainAssemblyResolve: Failed to resolve assembly 'Microsoft.Bcl.AsyncInterfaces'.
TpTrace Verbose: 0 : 14188, 1, 2023/05/12, 00:10:52.713, 235635640320, vstest.console.dll, CurrentDomainAssemblyResolve: Failed to resolve assembly 'Microsoft.Bcl.AsyncInterfaces'.
TpTrace Warning: 0 : 14188, 1, 2023/05/12, 00:10:52.727, 235635788313, vstest.console.dll, TestPluginDiscoverer: Failed to get types from assembly 'Microsoft.Diagnostics.NETCore.Client, Version=0.2.6.42401, Culture=neutral, PublicKeyToken=31bf3856ad364e35'. Error: System.Reflection.ReflectionTypeLoadException: Unable to load one or more of the requested types.
Could not load file or assembly 'Microsoft.Bcl.AsyncInterfaces, Version=1.0.0.0, Culture=neutral, PublicKeyToken=cc7b13ffcd2ddd51'. The system cannot find the file specified.
   at System.Reflection.RuntimeModule.GetTypes(RuntimeModule module)
   at System.Reflection.Assembly.GetTypes()
   at Microsoft.VisualStudio.TestPlatform.Common.ExtensionFramework.TestPluginDiscoverer.GetTestExtensionsFromAssembly[TPluginInfo,TExtension](Assembly assembly, Dictionary`2 pluginInfos, String filePath)
System.IO.FileNotFoundException: Could not load file or assembly 'Microsoft.Bcl.AsyncInterfaces, Version=1.0.0.0, Culture=neutral, PublicKeyToken=cc7b13ffcd2ddd51'. The system cannot find the file specified.
File name: 'Microsoft.Bcl.AsyncInterfaces, Version=1.0.0.0, Culture=neutral, PublicKeyToken=cc7b13ffcd2ddd51'
 ---> System.IO.FileNotFoundException: Could not load file or assembly 'Microsoft.Bcl.AsyncInterfaces, Culture=neutral, PublicKeyToken=null'. The system cannot find the file specified.
File name: 'Microsoft.Bcl.AsyncInterfaces, Culture=neutral, PublicKeyToken=null'
   at System.Reflection.RuntimeAssembly.InternalLoad(AssemblyName assemblyName, StackCrawlMark& stackMark, AssemblyLoadContext assemblyLoadContext, RuntimeAssembly requestingAssembly, Boolean throwOnFileNotFound)
   at System.Reflection.Assembly.Load(AssemblyName assemblyRef)
   at Microsoft.VisualStudio.TestPlatform.Common.ExtensionFramework.TestPluginCache.CurrentDomainAssemblyResolve(Object sender, AssemblyResolveEventArgs args)
   at System.Runtime.Loader.AssemblyLoadContext.GetFirstResolvedAssemblyFromResolvingEvent(AssemblyName assemblyName)
   at System.Runtime.Loader.AssemblyLoadContext.ResolveUsingEvent(AssemblyName assemblyName)
   at System.Runtime.Loader.AssemblyLoadContext.ResolveUsingResolvingEvent(IntPtr gchManagedAssemblyLoadContext, AssemblyName assemblyName)
TpTrace Warning: 0 : 14188, 1, 2023/05/12, 00:10:52.728, 235635795863, vstest.console.dll, LoaderExceptions: System.IO.FileNotFoundException: Could not load file or assembly 'Microsoft.Bcl.AsyncInterfaces, Version=1.0.0.0, Culture=neutral, PublicKeyToken=cc7b13ffcd2ddd51'. The system cannot find the file specified.
File name: 'Microsoft.Bcl.AsyncInterfaces, Version=1.0.0.0, Culture=neutral, PublicKeyToken=cc7b13ffcd2ddd51'
 ---> System.IO.FileNotFoundException: Could not load file or assembly 'Microsoft.Bcl.AsyncInterfaces, Culture=neutral, PublicKeyToken=null'. The system cannot find the file specified.
File name: 'Microsoft.Bcl.AsyncInterfaces, Culture=neutral, PublicKeyToken=null'
   at System.Reflection.RuntimeAssembly.InternalLoad(AssemblyName assemblyName, StackCrawlMark& stackMark, AssemblyLoadContext assemblyLoadContext, RuntimeAssembly requestingAssembly, Boolean throwOnFileNotFound)
   at System.Reflection.Assembly.Load(AssemblyName assemblyRef)
   at Microsoft.VisualStudio.TestPlatform.Common.ExtensionFramework.TestPluginCache.CurrentDomainAssemblyResolve(Object sender, AssemblyResolveEventArgs args)
   at System.Runtime.Loader.AssemblyLoadContext.GetFirstResolvedAssemblyFromResolvingEvent(AssemblyName assemblyName)
   at System.Runtime.Loader.AssemblyLoadContext.ResolveUsingEvent(AssemblyName assemblyName)
   at System.Runtime.Loader.AssemblyLoadContext.ResolveUsingResolvingEvent(IntPtr gchManagedAssemblyLoadContext, AssemblyName assemblyName)
TpTrace Information: 0 : 14188, 1, 2023/05/12, 00:10:52.728, 235635799332, vstest.console.dll, AssemblyResolver.OnResolve: Microsoft.TestPlatform.Extensions.BlameDataCollector: Resolving assembly.
TpTrace Information: 0 : 14188, 1, 2023/05/12, 00:10:52.729, 235635800410, vstest.console.dll, AssemblyResolver.OnResolve: Microsoft.TestPlatform.Extensions.BlameDataCollector: Searching in: 'C:\Program Files\dotnet\sdk\7.0.203\Extensions'.
TpTrace Information: 0 : 14188, 1, 2023/05/12, 00:10:52.730, 235635810489, vstest.console.dll, AssemblyResolver.OnResolve: Microsoft.TestPlatform.Extensions.BlameDataCollector: Loading assembly 'C:\Program Files\dotnet\sdk\7.0.203\Extensions\Microsoft.TestPlatform.Extensions.BlameDataCollector.dll'.
TpTrace Information: 0 : 14188, 1, 2023/05/12, 00:10:52.731, 235635828244, vstest.console.dll, AssemblyResolver.OnResolve: Resolved assembly: Microsoft.TestPlatform.Extensions.BlameDataCollector, from path: C:\Program Files\dotnet\sdk\7.0.203\Extensions\Microsoft.TestPlatform.Extensions.BlameDataCollector.dll
TpTrace Verbose: 0 : 14188, 1, 2023/05/12, 00:10:52.732, 235635830447, vstest.console.dll, MetadataReaderExtensionsHelper: Discovering extensions inside assembly 'Microsoft.TestPlatform.Extensions.BlameDataCollector, Version=15.0.0.0, Culture=neutral, PublicKeyToken=b03f5f7f11d50a3a' file path 'C:\Program Files\dotnet\sdk\7.0.203\Extensions\Microsoft.TestPlatform.Extensions.BlameDataCollector.dll'
TpTrace Information: 0 : 14188, 1, 2023/05/12, 00:10:52.735, 235635863130, vstest.console.dll, AssemblyResolver.OnResolve: Microsoft.TestPlatform.Extensions.EventLogCollector: Resolving assembly.
TpTrace Information: 0 : 14188, 1, 2023/05/12, 00:10:52.735, 235635864547, vstest.console.dll, AssemblyResolver.OnResolve: Microsoft.TestPlatform.Extensions.EventLogCollector: Searching in: 'C:\Program Files\dotnet\sdk\7.0.203\Extensions'.
TpTrace Information: 0 : 14188, 1, 2023/05/12, 00:10:52.736, 235635872522, vstest.console.dll, AssemblyResolver.OnResolve: Microsoft.TestPlatform.Extensions.EventLogCollector: Loading assembly 'C:\Program Files\dotnet\sdk\7.0.203\Extensions\Microsoft.TestPlatform.Extensions.EventLogCollector.dll'.
TpTrace Information: 0 : 14188, 1, 2023/05/12, 00:10:52.737, 235635880730, vstest.console.dll, AssemblyResolver.OnResolve: Resolved assembly: Microsoft.TestPlatform.Extensions.EventLogCollector, from path: C:\Program Files\dotnet\sdk\7.0.203\Extensions\Microsoft.TestPlatform.Extensions.EventLogCollector.dll
TpTrace Verbose: 0 : 14188, 1, 2023/05/12, 00:10:52.737, 235635882238, vstest.console.dll, MetadataReaderExtensionsHelper: Discovering extensions inside assembly 'Microsoft.TestPlatform.Extensions.EventLogCollector, Version=15.0.0.0, Culture=neutral, PublicKeyToken=b03f5f7f11d50a3a' file path 'C:\Program Files\dotnet\sdk\7.0.203\Extensions\Microsoft.TestPlatform.Extensions.EventLogCollector.dll'
TpTrace Information: 0 : 14188, 1, 2023/05/12, 00:10:52.741, 235635925497, vstest.console.dll, AssemblyResolver.OnResolve: Microsoft.TestPlatform.TestHostRuntimeProvider: Resolving assembly.
TpTrace Information: 0 : 14188, 1, 2023/05/12, 00:10:52.741, 235635927072, vstest.console.dll, AssemblyResolver.OnResolve: Microsoft.TestPlatform.TestHostRuntimeProvider: Searching in: 'C:\Program Files\dotnet\sdk\7.0.203\Extensions'.
TpTrace Information: 0 : 14188, 1, 2023/05/12, 00:10:52.742, 235635935834, vstest.console.dll, AssemblyResolver.OnResolve: Microsoft.TestPlatform.TestHostRuntimeProvider: Loading assembly 'C:\Program Files\dotnet\sdk\7.0.203\Extensions\Microsoft.TestPlatform.TestHostRuntimeProvider.dll'.
TpTrace Information: 0 : 14188, 1, 2023/05/12, 00:10:52.743, 235635945407, vstest.console.dll, AssemblyResolver.OnResolve: Resolved assembly: Microsoft.TestPlatform.TestHostRuntimeProvider, from path: C:\Program Files\dotnet\sdk\7.0.203\Extensions\Microsoft.TestPlatform.TestHostRuntimeProvider.dll
TpTrace Verbose: 0 : 14188, 1, 2023/05/12, 00:10:52.743, 235635947090, vstest.console.dll, MetadataReaderExtensionsHelper: Discovering extensions inside assembly 'Microsoft.TestPlatform.TestHostRuntimeProvider, Version=15.0.0.0, Culture=neutral, PublicKeyToken=b03f5f7f11d50a3a' file path 'C:\Program Files\dotnet\sdk\7.0.203\Extensions\Microsoft.TestPlatform.TestHostRuntimeProvider.dll'
TpTrace Information: 0 : 14188, 1, 2023/05/12, 00:10:52.746, 235635978184, vstest.console.dll, GetTestExtensionFromType: Register extension with identifier data 'HostProvider://DefaultTestHost' and type 'Microsoft.VisualStudio.TestPlatform.CrossPlatEngine.Hosting.DefaultTestHostManager, Microsoft.TestPlatform.TestHostRuntimeProvider, Version=15.0.0.0, Culture=neutral, PublicKeyToken=b03f5f7f11d50a3a' inside file 'C:\Program Files\dotnet\sdk\7.0.203\Extensions\Microsoft.TestPlatform.TestHostRuntimeProvider.dll'
TpTrace Information: 0 : 14188, 1, 2023/05/12, 00:10:52.747, 235635982757, vstest.console.dll, GetTestExtensionFromType: Register extension with identifier data 'HostProvider://DotnetTestHost' and type 'Microsoft.VisualStudio.TestPlatform.CrossPlatEngine.Hosting.DotnetTestHostManager, Microsoft.TestPlatform.TestHostRuntimeProvider, Version=15.0.0.0, Culture=neutral, PublicKeyToken=b03f5f7f11d50a3a' inside file 'C:\Program Files\dotnet\sdk\7.0.203\Extensions\Microsoft.TestPlatform.TestHostRuntimeProvider.dll'
TpTrace Information: 0 : 14188, 1, 2023/05/12, 00:10:52.747, 235635984230, vstest.console.dll, AssemblyResolver.OnResolve: Microsoft.VisualStudio.TestPlatform.Extensions.Html.TestLogger: Resolving assembly.
TpTrace Information: 0 : 14188, 1, 2023/05/12, 00:10:52.747, 235635984874, vstest.console.dll, AssemblyResolver.OnResolve: Microsoft.VisualStudio.TestPlatform.Extensions.Html.TestLogger: Searching in: 'C:\Program Files\dotnet\sdk\7.0.203\Extensions'.
TpTrace Information: 0 : 14188, 1, 2023/05/12, 00:10:52.748, 235635991497, vstest.console.dll, AssemblyResolver.OnResolve: Microsoft.VisualStudio.TestPlatform.Extensions.Html.TestLogger: Loading assembly 'C:\Program Files\dotnet\sdk\7.0.203\Extensions\Microsoft.VisualStudio.TestPlatform.Extensions.Html.TestLogger.dll'.
TpTrace Information: 0 : 14188, 1, 2023/05/12, 00:10:52.748, 235635998870, vstest.console.dll, AssemblyResolver.OnResolve: Resolved assembly: Microsoft.VisualStudio.TestPlatform.Extensions.Html.TestLogger, from path: C:\Program Files\dotnet\sdk\7.0.203\Extensions\Microsoft.VisualStudio.TestPlatform.Extensions.Html.TestLogger.dll
TpTrace Verbose: 0 : 14188, 1, 2023/05/12, 00:10:52.749, 235636000284, vstest.console.dll, MetadataReaderExtensionsHelper: Discovering extensions inside assembly 'Microsoft.VisualStudio.TestPlatform.Extensions.Html.TestLogger, Version=15.0.0.0, Culture=neutral, PublicKeyToken=b03f5f7f11d50a3a' file path 'C:\Program Files\dotnet\sdk\7.0.203\Extensions\Microsoft.VisualStudio.TestPlatform.Extensions.Html.TestLogger.dll'
TpTrace Information: 0 : 14188, 1, 2023/05/12, 00:10:52.750, 235636016064, vstest.console.dll, AssemblyResolver.OnResolve: Microsoft.VisualStudio.TestPlatform.Extensions.Trx.TestLogger: Resolving assembly.
TpTrace Information: 0 : 14188, 1, 2023/05/12, 00:10:52.750, 235636017721, vstest.console.dll, AssemblyResolver.OnResolve: Microsoft.VisualStudio.TestPlatform.Extensions.Trx.TestLogger: Searching in: 'C:\Program Files\dotnet\sdk\7.0.203\Extensions'.
TpTrace Information: 0 : 14188, 1, 2023/05/12, 00:10:52.751, 235636026008, vstest.console.dll, AssemblyResolver.OnResolve: Microsoft.VisualStudio.TestPlatform.Extensions.Trx.TestLogger: Loading assembly 'C:\Program Files\dotnet\sdk\7.0.203\Extensions\Microsoft.VisualStudio.TestPlatform.Extensions.Trx.TestLogger.dll'.
TpTrace Information: 0 : 14188, 1, 2023/05/12, 00:10:52.752, 235636036040, vstest.console.dll, AssemblyResolver.OnResolve: Resolved assembly: Microsoft.VisualStudio.TestPlatform.Extensions.Trx.TestLogger, from path: C:\Program Files\dotnet\sdk\7.0.203\Extensions\Microsoft.VisualStudio.TestPlatform.Extensions.Trx.TestLogger.dll
TpTrace Verbose: 0 : 14188, 1, 2023/05/12, 00:10:52.752, 235636037757, vstest.console.dll, MetadataReaderExtensionsHelper: Discovering extensions inside assembly 'Microsoft.VisualStudio.TestPlatform.Extensions.Trx.TestLogger, Version=15.0.0.0, Culture=neutral, PublicKeyToken=b03f5f7f11d50a3a' file path 'C:\Program Files\dotnet\sdk\7.0.203\Extensions\Microsoft.VisualStudio.TestPlatform.Extensions.Trx.TestLogger.dll'
TpTrace Verbose: 0 : 14188, 1, 2023/05/12, 00:10:52.754, 235636058923, vstest.console.dll, TestPluginCache: Discovered the extensions using extension path ''.
TpTrace Verbose: 0 : 14188, 1, 2023/05/12, 00:10:52.755, 235636060615, vstest.console.dll, TestPluginCache: Discoverers are ''.
TpTrace Verbose: 0 : 14188, 1, 2023/05/12, 00:10:52.755, 235636061176, vstest.console.dll, TestPluginCache: Executors are ''.
TpTrace Verbose: 0 : 14188, 1, 2023/05/12, 00:10:52.755, 235636061622, vstest.console.dll, TestPluginCache: Executors2 are ''.
TpTrace Verbose: 0 : 14188, 1, 2023/05/12, 00:10:52.755, 235636062055, vstest.console.dll, TestPluginCache: Setting providers are ''.
TpTrace Verbose: 0 : 14188, 1, 2023/05/12, 00:10:52.755, 235636062512, vstest.console.dll, TestPluginCache: Loggers are ''.
TpTrace Verbose: 0 : 14188, 1, 2023/05/12, 00:10:52.755, 235636064782, vstest.console.dll, TestPluginCache: TestHosts are 'HostProvider://DefaultTestHost,HostProvider://DotnetTestHost'.
TpTrace Verbose: 0 : 14188, 1, 2023/05/12, 00:10:52.755, 235636065521, vstest.console.dll, TestPluginCache: DataCollectors are ''.
TpTrace Information: 0 : 14188, 1, 2023/05/12, 00:10:52.776, 235636272081, vstest.console.dll, RunTestsArgumentProcessor:Execute: Test run is starting.
TpTrace Verbose: 0 : 14188, 1, 2023/05/12, 00:10:52.776, 235636273171, vstest.console.dll, RunTestsArgumentProcessor:Execute: Queuing Test run.
TpTrace Information: 0 : 14188, 1, 2023/05/12, 00:10:52.784, 235636351470, vstest.console.dll, TestRequestManager.RunTests: run tests started.
TpTrace Information: 0 : 14188, 1, 2023/05/12, 00:10:52.785, 235636367576, vstest.console.dll, AssemblyMetadataProvider.GetFrameworkName: Determined framework:'.NETCoreApp,Version=v6.0' for source: 'D:\Design_patterns\Singleton\Singleton\Singleton\bin\Debug\net6.0\fine-code-coverage\build-output\Singleton.dll'
TpTrace Information: 0 : 14188, 1, 2023/05/12, 00:10:52.786, 235636370234, vstest.console.dll, Determined framework for all sources: .NETCoreApp,Version=v6.0
TpTrace Verbose: 0 : 14188, 1, 2023/05/12, 00:10:52.786, 235636376385, vstest.console.dll, TestRequestManager.UpdateRunSettingsIfRequired: Default architecture: X64 IsDefaultTargetArchitecture: True, Current process architecture: X64 OperatingSystem: Windows.
TpTrace Information: 0 : 14188, 1, 2023/05/12, 00:10:52.795, 235636461537, vstest.console.dll, AssemblyMetadataProvider.GetArchitecture: Determined architecture:AnyCPU info for assembly: D:\Design_patterns\Singleton\Singleton\Singleton\bin\Debug\net6.0\fine-code-coverage\build-output\Singleton.dll
TpTrace Information: 0 : 14188, 1, 2023/05/12, 00:10:52.795, 235636462473, vstest.console.dll, Determined platform for source 'D:\Design_patterns\Singleton\Singleton\Singleton\bin\Debug\net6.0\fine-code-coverage\build-output\Singleton.dll' was AnyCPU and it will use the default plaform X64.
TpTrace Information: 0 : 14188, 1, 2023/05/12, 00:10:52.795, 235636462914, vstest.console.dll, None of the sources provided any runnable platform, using the default platform: X64
TpTrace Information: 0 : 14188, 1, 2023/05/12, 00:10:52.795, 235636463937, vstest.console.dll, Platform was updated to 'X64'.
TpTrace Information: 0 : 14188, 1, 2023/05/12, 00:10:52.805, 235636569361, vstest.console.dll, InferRunSettingsHelper.IsTestSettingsEnabled: Unable to navigate to RunSettings/MSTest. Current node: RunSettings
TpTrace Information: 0 : 14188, 1, 2023/05/12, 00:10:52.814, 235636658286, vstest.console.dll, AssemblyResolver.OnResolve: Microsoft.VisualStudio.TestPlatform.Fakes: Resolving assembly.
TpTrace Information: 0 : 14188, 1, 2023/05/12, 00:10:52.815, 235636659956, vstest.console.dll, AssemblyResolver.OnResolve: Microsoft.VisualStudio.TestPlatform.Fakes: Searching in: 'C:\Program Files\dotnet\sdk\7.0.203\Extensions'.
TpTrace Information: 0 : 14188, 1, 2023/05/12, 00:10:52.815, 235636661703, vstest.console.dll, AssemblyResolver.OnResolve: Microsoft.VisualStudio.TestPlatform.Fakes: Assembly path does not exist: 'C:\Program Files\dotnet\sdk\7.0.203\Extensions\Microsoft.VisualStudio.TestPlatform.Fakes.dll', returning.
TpTrace Information: 0 : 14188, 1, 2023/05/12, 00:10:52.815, 235636663060, vstest.console.dll, AssemblyResolver.OnResolve: Microsoft.VisualStudio.TestPlatform.Fakes: Assembly path does not exist: 'C:\Program Files\dotnet\sdk\7.0.203\Extensions\Microsoft.VisualStudio.TestPlatform.Fakes.exe', returning.
TpTrace Information: 0 : 14188, 1, 2023/05/12, 00:10:52.815, 235636663662, vstest.console.dll, AssemblyResolver.OnResolve: Microsoft.VisualStudio.TestPlatform.Fakes: Searching in: 'C:\Program Files\dotnet\sdk\7.0.203'.
TpTrace Information: 0 : 14188, 1, 2023/05/12, 00:10:52.815, 235636664857, vstest.console.dll, AssemblyResolver.OnResolve: Microsoft.VisualStudio.TestPlatform.Fakes: Assembly path does not exist: 'C:\Program Files\dotnet\sdk\7.0.203\Microsoft.VisualStudio.TestPlatform.Fakes.dll', returning.
TpTrace Information: 0 : 14188, 1, 2023/05/12, 00:10:52.815, 235636665918, vstest.console.dll, AssemblyResolver.OnResolve: Microsoft.VisualStudio.TestPlatform.Fakes: Assembly path does not exist: 'C:\Program Files\dotnet\sdk\7.0.203\Microsoft.VisualStudio.TestPlatform.Fakes.exe', returning.
TpTrace Information: 0 : 14188, 1, 2023/05/12, 00:10:52.815, 235636666467, vstest.console.dll, AssemblyResolver.OnResolve: Microsoft.VisualStudio.TestPlatform.Fakes: Failed to load assembly.
TpTrace Information: 0 : 14188, 1, 2023/05/12, 00:10:52.816, 235636670723, vstest.console.dll, Failed to load assembly Microsoft.VisualStudio.TestPlatform.Fakes, Version=17.0.0.0, Culture=neutral. Reason:System.IO.FileNotFoundException: Could not load file or assembly 'Microsoft.VisualStudio.TestPlatform.Fakes, Version=17.0.0.0, Culture=neutral, PublicKeyToken=null'. The system cannot find the file specified.
File name: 'Microsoft.VisualStudio.TestPlatform.Fakes, Version=17.0.0.0, Culture=neutral, PublicKeyToken=null'
   at System.Reflection.RuntimeAssembly.InternalLoad(AssemblyName assemblyName, StackCrawlMark& stackMark, AssemblyLoadContext assemblyLoadContext, RuntimeAssembly requestingAssembly, Boolean throwOnFileNotFound)
   at System.Reflection.Assembly.Load(AssemblyName assemblyRef)
   at Microsoft.VisualStudio.TestPlatform.Common.Utilities.FakesUtilities.LoadTestPlatformAssembly()
TpTrace Verbose: 0 : 14188, 1, 2023/05/12, 00:10:52.829, 235636809120, vstest.console.dll, TestPluginCache.DiscoverTestExtensions: finding test extensions in assemblies ends with: TestLogger.dll TPluginInfo: Microsoft.VisualStudio.TestPlatform.Common.ExtensionFramework.Utilities.TestLoggerPluginInformation TExtension: Microsoft.VisualStudio.TestPlatform.ObjectModel.Client.ITestLogger
TpTrace Verbose: 0 : 14188, 1, 2023/05/12, 00:10:52.830, 235636816260, vstest.console.dll, TestPluginCache.GetExtensionPaths: Filtered extension paths: 
TpTrace Verbose: 0 : 14188, 1, 2023/05/12, 00:10:52.830, 235636817109, vstest.console.dll, TestPluginCache.GetExtensionPaths: Added default extension paths: C:\Program Files\dotnet\sdk\7.0.203\Extensions\Microsoft.Diagnostics.NETCore.Client.dll
C:\Program Files\dotnet\sdk\7.0.203\Extensions\Microsoft.TestPlatform.Extensions.BlameDataCollector.dll
C:\Program Files\dotnet\sdk\7.0.203\Extensions\Microsoft.TestPlatform.Extensions.EventLogCollector.dll
C:\Program Files\dotnet\sdk\7.0.203\Extensions\Microsoft.TestPlatform.TestHostRuntimeProvider.dll
C:\Program Files\dotnet\sdk\7.0.203\Extensions\Microsoft.VisualStudio.TestPlatform.Extensions.Html.TestLogger.dll
C:\Program Files\dotnet\sdk\7.0.203\Extensions\Microsoft.VisualStudio.TestPlatform.Extensions.Trx.TestLogger.dll
TpTrace Verbose: 0 : 14188, 1, 2023/05/12, 00:10:52.830, 235636817830, vstest.console.dll, TestPluginCache.GetExtensionPaths: Added unfilterableExtensionPaths: 
TpTrace Information: 0 : 14188, 1, 2023/05/12, 00:10:52.831, 235636821359, vstest.console.dll, AssemblyResolver.AddSearchDirectories: Adding more searchDirectories C:\Program Files\dotnet\sdk\7.0.203\Extensions,C:\Program Files\dotnet\sdk\7.0.203
TpTrace Verbose: 0 : 14188, 1, 2023/05/12, 00:10:52.831, 235636822389, vstest.console.dll, TestPluginCache.DiscoverTestExtensions: Discovering the extensions using extension path.
TpTrace Verbose: 0 : 14188, 1, 2023/05/12, 00:10:52.831, 235636824230, vstest.console.dll, TestPluginCache.GetExtensionPaths: Filtered extension paths: 
TpTrace Verbose: 0 : 14188, 1, 2023/05/12, 00:10:52.831, 235636825347, vstest.console.dll, TestPluginCache.GetExtensionPaths: Added default extension paths: C:\Program Files\dotnet\sdk\7.0.203\Extensions\Microsoft.Diagnostics.NETCore.Client.dll
C:\Program Files\dotnet\sdk\7.0.203\Extensions\Microsoft.TestPlatform.Extensions.BlameDataCollector.dll
C:\Program Files\dotnet\sdk\7.0.203\Extensions\Microsoft.TestPlatform.Extensions.EventLogCollector.dll
C:\Program Files\dotnet\sdk\7.0.203\Extensions\Microsoft.TestPlatform.TestHostRuntimeProvider.dll
C:\Program Files\dotnet\sdk\7.0.203\Extensions\Microsoft.VisualStudio.TestPlatform.Extensions.Html.TestLogger.dll
C:\Program Files\dotnet\sdk\7.0.203\Extensions\Microsoft.VisualStudio.TestPlatform.Extensions.Trx.TestLogger.dll
TpTrace Verbose: 0 : 14188, 1, 2023/05/12, 00:10:52.831, 235636826632, vstest.console.dll, TestPluginCache.GetExtensionPaths: Added unfilterableExtensionPaths: 
TpTrace Verbose: 0 : 14188, 1, 2023/05/12, 00:10:52.831, 235636828450, vstest.console.dll, TestPluginCache.DiscoverTestExtensions: Discovering the extensions using allExtensionPaths: C:\Program Files\dotnet\sdk\7.0.203\Extensions\Microsoft.Diagnostics.NETCore.Client.dll
C:\Program Files\dotnet\sdk\7.0.203\Extensions\Microsoft.TestPlatform.Extensions.BlameDataCollector.dll
C:\Program Files\dotnet\sdk\7.0.203\Extensions\Microsoft.TestPlatform.Extensions.EventLogCollector.dll
C:\Program Files\dotnet\sdk\7.0.203\Extensions\Microsoft.TestPlatform.TestHostRuntimeProvider.dll
C:\Program Files\dotnet\sdk\7.0.203\Extensions\Microsoft.VisualStudio.TestPlatform.Extensions.Html.TestLogger.dll
C:\Program Files\dotnet\sdk\7.0.203\Extensions\Microsoft.VisualStudio.TestPlatform.Extensions.Trx.TestLogger.dll
TpTrace Information: 0 : 14188, 1, 2023/05/12, 00:10:52.832, 235636830581, vstest.console.dll, AssemblyResolver.AddSearchDirectories: Adding more searchDirectories C:\Program Files\dotnet\sdk\7.0.203\Extensions,C:\Program Files\dotnet\sdk\7.0.203
TpTrace Information: 0 : 14188, 1, 2023/05/12, 00:10:52.832, 235636831745, vstest.console.dll, AssemblyResolver.AddSearchDirectories: Adding more searchDirectories C:\Program Files\dotnet\sdk\7.0.203\Extensions,C:\Program Files\dotnet\sdk\7.0.203
TpTrace Information: 0 : 14188, 1, 2023/05/12, 00:10:52.832, 235636832696, vstest.console.dll, AssemblyResolver.AddSearchDirectories: Adding more searchDirectories C:\Program Files\dotnet\sdk\7.0.203\Extensions,C:\Program Files\dotnet\sdk\7.0.203
TpTrace Information: 0 : 14188, 1, 2023/05/12, 00:10:52.832, 235636833622, vstest.console.dll, AssemblyResolver.AddSearchDirectories: Adding more searchDirectories C:\Program Files\dotnet\sdk\7.0.203\Extensions,C:\Program Files\dotnet\sdk\7.0.203
TpTrace Information: 0 : 14188, 1, 2023/05/12, 00:10:52.832, 235636834697, vstest.console.dll, AssemblyResolver.AddSearchDirectories: Adding more searchDirectories C:\Program Files\dotnet\sdk\7.0.203\Extensions,C:\Program Files\dotnet\sdk\7.0.203
TpTrace Information: 0 : 14188, 1, 2023/05/12, 00:10:52.832, 235636835623, vstest.console.dll, AssemblyResolver.AddSearchDirectories: Adding more searchDirectories C:\Program Files\dotnet\sdk\7.0.203\Extensions,C:\Program Files\dotnet\sdk\7.0.203
TpTrace Verbose: 0 : 14188, 1, 2023/05/12, 00:10:52.832, 235636837089, vstest.console.dll, MetadataReaderExtensionsHelper: Discovering extensions inside assembly 'Microsoft.Diagnostics.NETCore.Client, Version=0.2.6.42401, Culture=neutral, PublicKeyToken=31bf3856ad364e35' file path 'C:\Program Files\dotnet\sdk\7.0.203\Extensions\Microsoft.Diagnostics.NETCore.Client.dll'
TpTrace Information: 0 : 14188, 1, 2023/05/12, 00:10:52.834, 235636850804, vstest.console.dll, AssemblyResolver.OnResolve: Microsoft.Bcl.AsyncInterfaces: Resolving assembly.
TpTrace Information: 0 : 14188, 1, 2023/05/12, 00:10:52.834, 235636851936, vstest.console.dll, AssemblyResolver.OnResolve: Microsoft.Bcl.AsyncInterfaces: Resolved from cache.
TpTrace Verbose: 0 : 14188, 1, 2023/05/12, 00:10:52.834, 235636852515, vstest.console.dll, CurrentDomainAssemblyResolve: Resolving assembly 'Microsoft.Bcl.AsyncInterfaces'.
TpTrace Information: 0 : 14188, 1, 2023/05/12, 00:10:52.834, 235636853259, vstest.console.dll, AssemblyResolver.OnResolve: Microsoft.Bcl.AsyncInterfaces: Resolving assembly.
TpTrace Information: 0 : 14188, 1, 2023/05/12, 00:10:52.834, 235636853753, vstest.console.dll, AssemblyResolver.OnResolve: Microsoft.Bcl.AsyncInterfaces: Resolved from cache.
TpTrace Verbose: 0 : 14188, 1, 2023/05/12, 00:10:52.834, 235636854193, vstest.console.dll, CurrentDomainAssemblyResolve: Resolving assembly 'Microsoft.Bcl.AsyncInterfaces'.
TpTrace Verbose: 0 : 14188, 1, 2023/05/12, 00:10:52.834, 235636854755, vstest.console.dll, CurrentDomainAssemblyResolve: Failed to resolve assembly 'Microsoft.Bcl.AsyncInterfaces'.
TpTrace Verbose: 0 : 14188, 1, 2023/05/12, 00:10:52.834, 235636857091, vstest.console.dll, CurrentDomainAssemblyResolve: Failed to resolve assembly 'Microsoft.Bcl.AsyncInterfaces'.
TpTrace Warning: 0 : 14188, 1, 2023/05/12, 00:10:52.835, 235636862917, vstest.console.dll, TestPluginDiscoverer: Failed to get types from assembly 'Microsoft.Diagnostics.NETCore.Client, Version=0.2.6.42401, Culture=neutral, PublicKeyToken=31bf3856ad364e35'. Error: System.Reflection.ReflectionTypeLoadException: Unable to load one or more of the requested types.
Could not load file or assembly 'Microsoft.Bcl.AsyncInterfaces, Version=1.0.0.0, Culture=neutral, PublicKeyToken=cc7b13ffcd2ddd51'. The system cannot find the file specified.
   at System.Reflection.RuntimeModule.GetTypes(RuntimeModule module)
   at System.Reflection.Assembly.GetTypes()
   at Microsoft.VisualStudio.TestPlatform.Common.ExtensionFramework.TestPluginDiscoverer.GetTestExtensionsFromAssembly[TPluginInfo,TExtension](Assembly assembly, Dictionary`2 pluginInfos, String filePath)
System.IO.FileNotFoundException: Could not load file or assembly 'Microsoft.Bcl.AsyncInterfaces, Version=1.0.0.0, Culture=neutral, PublicKeyToken=cc7b13ffcd2ddd51'. The system cannot find the file specified.
File name: 'Microsoft.Bcl.AsyncInterfaces, Version=1.0.0.0, Culture=neutral, PublicKeyToken=cc7b13ffcd2ddd51'
 ---> System.IO.FileNotFoundException: Could not load file or assembly 'Microsoft.Bcl.AsyncInterfaces, Culture=neutral, PublicKeyToken=null'. The system cannot find the file specified.
File name: 'Microsoft.Bcl.AsyncInterfaces, Culture=neutral, PublicKeyToken=null'
   at System.Reflection.RuntimeAssembly.InternalLoad(AssemblyName assemblyName, StackCrawlMark& stackMark, AssemblyLoadContext assemblyLoadContext, RuntimeAssembly requestingAssembly, Boolean throwOnFileNotFound)
   at System.Reflection.Assembly.Load(AssemblyName assemblyRef)
   at Microsoft.VisualStudio.TestPlatform.Common.ExtensionFramework.TestPluginCache.CurrentDomainAssemblyResolve(Object sender, AssemblyResolveEventArgs args)
   at System.Runtime.Loader.AssemblyLoadContext.GetFirstResolvedAssemblyFromResolvingEvent(AssemblyName assemblyName)
   at System.Runtime.Loader.AssemblyLoadContext.ResolveUsingEvent(AssemblyName assemblyName)
   at System.Runtime.Loader.AssemblyLoadContext.ResolveUsingResolvingEvent(IntPtr gchManagedAssemblyLoadContext, AssemblyName assemblyName)
TpTrace Warning: 0 : 14188, 1, 2023/05/12, 00:10:52.835, 235636865650, vstest.console.dll, LoaderExceptions: System.IO.FileNotFoundException: Could not load file or assembly 'Microsoft.Bcl.AsyncInterfaces, Version=1.0.0.0, Culture=neutral, PublicKeyToken=cc7b13ffcd2ddd51'. The system cannot find the file specified.
File name: 'Microsoft.Bcl.AsyncInterfaces, Version=1.0.0.0, Culture=neutral, PublicKeyToken=cc7b13ffcd2ddd51'
 ---> System.IO.FileNotFoundException: Could not load file or assembly 'Microsoft.Bcl.AsyncInterfaces, Culture=neutral, PublicKeyToken=null'. The system cannot find the file specified.
File name: 'Microsoft.Bcl.AsyncInterfaces, Culture=neutral, PublicKeyToken=null'
   at System.Reflection.RuntimeAssembly.InternalLoad(AssemblyName assemblyName, StackCrawlMark& stackMark, AssemblyLoadContext assemblyLoadContext, RuntimeAssembly requestingAssembly, Boolean throwOnFileNotFound)
   at System.Reflection.Assembly.Load(AssemblyName assemblyRef)
   at Microsoft.VisualStudio.TestPlatform.Common.ExtensionFramework.TestPluginCache.CurrentDomainAssemblyResolve(Object sender, AssemblyResolveEventArgs args)
   at System.Runtime.Loader.AssemblyLoadContext.GetFirstResolvedAssemblyFromResolvingEvent(AssemblyName assemblyName)
   at System.Runtime.Loader.AssemblyLoadContext.ResolveUsingEvent(AssemblyName assemblyName)
   at System.Runtime.Loader.AssemblyLoadContext.ResolveUsingResolvingEvent(IntPtr gchManagedAssemblyLoadContext, AssemblyName assemblyName)
TpTrace Verbose: 0 : 14188, 1, 2023/05/12, 00:10:52.835, 235636867081, vstest.console.dll, MetadataReaderExtensionsHelper: Discovering extensions inside assembly 'Microsoft.TestPlatform.Extensions.BlameDataCollector, Version=15.0.0.0, Culture=neutral, PublicKeyToken=b03f5f7f11d50a3a' file path 'C:\Program Files\dotnet\sdk\7.0.203\Extensions\Microsoft.TestPlatform.Extensions.BlameDataCollector.dll'
TpTrace Information: 0 : 14188, 1, 2023/05/12, 00:10:52.836, 235636878561, vstest.console.dll, GetTestExtensionFromType: Register extension with identifier data 'logger://Microsoft/TestPlatform/Extensions/Blame/v1' and type 'Microsoft.TestPlatform.Extensions.BlameDataCollector.BlameLogger, Microsoft.TestPlatform.Extensions.BlameDataCollector, Version=15.0.0.0, Culture=neutral, PublicKeyToken=b03f5f7f11d50a3a' inside file 'C:\Program Files\dotnet\sdk\7.0.203\Extensions\Microsoft.TestPlatform.Extensions.BlameDataCollector.dll'
TpTrace Verbose: 0 : 14188, 1, 2023/05/12, 00:10:52.837, 235636880282, vstest.console.dll, MetadataReaderExtensionsHelper: Discovering extensions inside assembly 'Microsoft.TestPlatform.Extensions.EventLogCollector, Version=15.0.0.0, Culture=neutral, PublicKeyToken=b03f5f7f11d50a3a' file path 'C:\Program Files\dotnet\sdk\7.0.203\Extensions\Microsoft.TestPlatform.Extensions.EventLogCollector.dll'
TpTrace Verbose: 0 : 14188, 1, 2023/05/12, 00:10:52.837, 235636889847, vstest.console.dll, MetadataReaderExtensionsHelper: Discovering extensions inside assembly 'Microsoft.TestPlatform.TestHostRuntimeProvider, Version=15.0.0.0, Culture=neutral, PublicKeyToken=b03f5f7f11d50a3a' file path 'C:\Program Files\dotnet\sdk\7.0.203\Extensions\Microsoft.TestPlatform.TestHostRuntimeProvider.dll'
TpTrace Verbose: 0 : 14188, 1, 2023/05/12, 00:10:52.838, 235636897538, vstest.console.dll, MetadataReaderExtensionsHelper: Discovering extensions inside assembly 'Microsoft.VisualStudio.TestPlatform.Extensions.Html.TestLogger, Version=15.0.0.0, Culture=neutral, PublicKeyToken=b03f5f7f11d50a3a' file path 'C:\Program Files\dotnet\sdk\7.0.203\Extensions\Microsoft.VisualStudio.TestPlatform.Extensions.Html.TestLogger.dll'
TpTrace Information: 0 : 14188, 1, 2023/05/12, 00:10:52.839, 235636908022, vstest.console.dll, GetTestExtensionFromType: Register extension with identifier data 'logger://Microsoft/TestPlatform/HtmlLogger/v1' and type 'Microsoft.VisualStudio.TestPlatform.Extensions.HtmlLogger.HtmlLogger, Microsoft.VisualStudio.TestPlatform.Extensions.Html.TestLogger, Version=15.0.0.0, Culture=neutral, PublicKeyToken=b03f5f7f11d50a3a' inside file 'C:\Program Files\dotnet\sdk\7.0.203\Extensions\Microsoft.VisualStudio.TestPlatform.Extensions.Html.TestLogger.dll'
TpTrace Verbose: 0 : 14188, 1, 2023/05/12, 00:10:52.839, 235636909311, vstest.console.dll, MetadataReaderExtensionsHelper: Discovering extensions inside assembly 'Microsoft.VisualStudio.TestPlatform.Extensions.Trx.TestLogger, Version=15.0.0.0, Culture=neutral, PublicKeyToken=b03f5f7f11d50a3a' file path 'C:\Program Files\dotnet\sdk\7.0.203\Extensions\Microsoft.VisualStudio.TestPlatform.Extensions.Trx.TestLogger.dll'
TpTrace Information: 0 : 14188, 1, 2023/05/12, 00:10:52.840, 235636917754, vstest.console.dll, GetTestExtensionFromType: Register extension with identifier data 'logger://Microsoft/TestPlatform/TrxLogger/v1' and type 'Microsoft.VisualStudio.TestPlatform.Extensions.TrxLogger.TrxLogger, Microsoft.VisualStudio.TestPlatform.Extensions.Trx.TestLogger, Version=15.0.0.0, Culture=neutral, PublicKeyToken=b03f5f7f11d50a3a' inside file 'C:\Program Files\dotnet\sdk\7.0.203\Extensions\Microsoft.VisualStudio.TestPlatform.Extensions.Trx.TestLogger.dll'
TpTrace Verbose: 0 : 14188, 1, 2023/05/12, 00:10:52.840, 235636919452, vstest.console.dll, TestPluginCache: Discovered the extensions using extension path ''.
TpTrace Verbose: 0 : 14188, 1, 2023/05/12, 00:10:52.841, 235636920014, vstest.console.dll, TestPluginCache: Discoverers are ''.
TpTrace Verbose: 0 : 14188, 1, 2023/05/12, 00:10:52.841, 235636920424, vstest.console.dll, TestPluginCache: Executors are ''.
TpTrace Verbose: 0 : 14188, 1, 2023/05/12, 00:10:52.841, 235636920819, vstest.console.dll, TestPluginCache: Executors2 are ''.
TpTrace Verbose: 0 : 14188, 1, 2023/05/12, 00:10:52.841, 235636921240, vstest.console.dll, TestPluginCache: Setting providers are ''.
TpTrace Verbose: 0 : 14188, 1, 2023/05/12, 00:10:52.841, 235636922299, vstest.console.dll, TestPluginCache: Loggers are 'logger://Microsoft/TestPlatform/Extensions/Blame/v1,logger://Microsoft/TestPlatform/HtmlLogger/v1,logger://Microsoft/TestPlatform/TrxLogger/v1'.
TpTrace Verbose: 0 : 14188, 1, 2023/05/12, 00:10:52.841, 235636923002, vstest.console.dll, TestPluginCache: TestHosts are 'HostProvider://DefaultTestHost,HostProvider://DotnetTestHost'.
TpTrace Verbose: 0 : 14188, 1, 2023/05/12, 00:10:52.841, 235636923461, vstest.console.dll, TestPluginCache: DataCollectors are ''.
TpTrace Information: 0 : 14188, 1, 2023/05/12, 00:10:52.843, 235636941545, vstest.console.dll, TestPluginManager.CreateTestExtension: Attempting to load test extension: Microsoft.TestPlatform.Extensions.BlameDataCollector.BlameLogger
TpTrace Verbose: 0 : 14188, 1, 2023/05/12, 00:10:52.871, 235637226898, vstest.console.dll, TestEngine: Initializing Parallel Execution as MaxCpuCount is set to: 1
TpTrace Information: 0 : 14188, 1, 2023/05/12, 00:10:52.883, 235637347749, vstest.console.dll, TestPluginManager.CreateTestExtension: Attempting to load test extension: Microsoft.VisualStudio.TestPlatform.CrossPlatEngine.Hosting.DefaultTestHostManager
TpTrace Information: 0 : 14188, 1, 2023/05/12, 00:10:52.886, 235637370937, vstest.console.dll, TestPluginManager.CreateTestExtension: Attempting to load test extension: Microsoft.VisualStudio.TestPlatform.CrossPlatEngine.Hosting.DotnetTestHostManager
TpTrace Information: 0 : 14188, 1, 2023/05/12, 00:10:52.888, 235637391189, vstest.console.dll, InferRunSettingsHelper.IsTestSettingsEnabled: Unable to navigate to RunSettings/MSTest. Current node: RunSettings
TpTrace Verbose: 0 : 14188, 1, 2023/05/12, 00:10:52.896, 235637474699, vstest.console.dll, TestEngine.GetExecutionManager: Chosen execution manager 'Microsoft.VisualStudio.TestPlatform.CrossPlatEngine.Client.Parallel.ParallelProxyExecutionManager, Microsoft.TestPlatform.CrossPlatEngine, Version=15.0.0.0, Culture=neutral, PublicKeyToken=b03f5f7f11d50a3a' ParallelLevel '1'.
TpTrace Verbose: 0 : 14188, 1, 2023/05/12, 00:10:52.896, 235637478023, vstest.console.dll, TestRunRequest.ExecuteAsync: Creating test run request.
TpTrace Verbose: 0 : 14188, 1, 2023/05/12, 00:10:52.897, 235637483029, vstest.console.dll, TestRunRequest.ExecuteAsync: Starting.
TpTrace Information: 0 : 14188, 1, 2023/05/12, 00:10:52.897, 235637488270, vstest.console.dll, TestRunRequest.ExecuteAsync: Starting run with settings:TestRunCriteria:
   KeepAlive=False,FrequencyOfRunStatsChangeEvent=10,RunStatsChangeEventTimeout=00:00:01.5000000,TestCaseFilter=,TestExecutorLauncher=
   Settingsxml=<RunSettings>
  <RunConfiguration>
    <ResultsDirectory>D:\Design_patterns\Singleton\Singleton\Singleton\bin\Debug\net6.0\fine-code-coverage\coverage-tool-output</ResultsDirectory>
    <TargetPlatform>X64</TargetPlatform>
    <TargetFrameworkVersion>.NETCoreApp,Version=v6.0</TargetFrameworkVersion>
    <DesignMode>False</DesignMode>
    <CollectSourceInformation>False</CollectSourceInformation>
  </RunConfiguration>
  <LoggerRunSettings>
    <Loggers>
      <Logger friendlyName="blame" enabled="True" />
      <Logger friendlyName="Console" uri="logger://microsoft/TestPlatform/ConsoleLogger/v1" assemblyQualifiedName="Microsoft.VisualStudio.TestPlatform.CommandLine.Internal.ConsoleLogger, vstest.console, Version=15.0.0.0, Culture=neutral, PublicKeyToken=b03f5f7f11d50a3a" codeBase="C:\Program Files\dotnet\sdk\7.0.203\vstest.console.dll" enabled="True" />
    </Loggers>
  </LoggerRunSettings>
  <DataCollectionRunSettings>
    <DataCollectors>
      <DataCollector friendlyName="blame" enabled="True">
        <Configuration>
          <ResultsDirectory>D:\Design_patterns\Singleton\Singleton\Singleton\bin\Debug\net6.0\fine-code-coverage\coverage-tool-output</ResultsDirectory>
        </Configuration>
      </DataCollector>
    </DataCollectors>
  </DataCollectionRunSettings>
</RunSettings>

TpTrace Verbose: 0 : 14188, 1, 2023/05/12, 00:10:52.897, 235637489209, vstest.console.dll, TestRunRequest.ExecuteAsync: Wait for the first run request is over.
TpTrace Verbose: 0 : 14188, 1, 2023/05/12, 00:10:52.898, 235637494421, vstest.console.dll, MulticastDelegateUtilities.SafeInvoke: TestRun.TestRunStart: Invoking callbacks was skipped because there are no subscribers.
TpTrace Verbose: 0 : 14188, 4, 2023/05/12, 00:10:52.898, 235637497815, vstest.console.dll, MulticastDelegateUtilities.SafeInvoke: InternalTestLoggerEvents.SendTestRunStart: Invoking callback 1/1 for Microsoft.VisualStudio.TestPlatform.CommandLine.Internal.ConsoleLogger., took 0 ms.
TpTrace Verbose: 0 : 14188, 1, 2023/05/12, 00:10:52.900, 235637517541, vstest.console.dll, ParallelProxyExecutionManager: Start execution. Total sources: 1
TpTrace Verbose: 0 : 14188, 1, 2023/05/12, 00:10:52.903, 235637544888, vstest.console.dll, TestRequestSender is acting as server.
TpTrace Verbose: 0 : 14188, 1, 2023/05/12, 00:10:52.905, 235637563077, vstest.console.dll, DataCollectionRequestSender.InitializeCommunication : Initialize communication. 
TpTrace Information: 0 : 14188, 1, 2023/05/12, 00:10:52.913, 235637643413, vstest.console.dll, Listening on Endpoint : 127.0.0.1:65467
TpTrace Verbose: 0 : 14188, 1, 2023/05/12, 00:10:52.923, 235637745868, vstest.console.dll, DotnetDataCollectionLauncher: Adding  --runtimeconfig "C:\Program Files\dotnet\sdk\7.0.203\datacollector.runtimeconfig.json" in args
TpTrace Verbose: 0 : 14188, 1, 2023/05/12, 00:10:52.924, 235637753320, vstest.console.dll, DotnetDataCollectionLauncher: Adding  --depsfile "C:\Program Files\dotnet\sdk\7.0.203\datacollector.deps.json" in args
TpTrace Verbose: 0 : 14188, 1, 2023/05/12, 00:10:52.924, 235637759877, vstest.console.dll, DotnetDataCollectionLauncher: Full path of dotnet.exe is C:\Program Files\dotnet\dotnet.exe
TpTrace Information: 0 : 14188, 1, 2023/05/12, 00:10:52.935, 235637864947, vstest.console.dll, ProxyDataCollectionManager.Initialize: Launched datacollector processId: 1100 port: 65467
TpTrace Information: 0 : 14188, 1, 2023/05/12, 00:10:52.935, 235637866866, vstest.console.dll, ProxyDataCollectionManager.Initialize: waiting for connection with timeout: 90 seconds
TpTrace Verbose: 0 : 14188, 1, 2023/05/12, 00:10:52.935, 235637867758, vstest.console.dll, DataCollectionRequestSender.WaitForRequestHandlerConnection : Waiting for connection with timeout: 90000
TpTrace Information: 0 : 14188, 7, 2023/05/12, 00:10:53.147, 235639986596, vstest.console.dll, Using the buffer size of 16384 bytes
TpTrace Verbose: 0 : 14188, 1, 2023/05/12, 00:10:53.147, 235639986650, vstest.console.dll, SocketCommunicationManager.WaitForClientConnection took: 211 ms, with 90000 ms timeout, and finished with True.
TpTrace Information: 0 : 14188, 7, 2023/05/12, 00:10:53.147, 235639989091, vstest.console.dll, Accepted Client request and set the flag
TpTrace Verbose: 0 : 14188, 1, 2023/05/12, 00:10:53.147, 235639989245, vstest.console.dll, ProxyDataCollectionManager.InvokeDataCollectionServiceAction: Starting.
TpTrace Information: 0 : 14188, 1, 2023/05/12, 00:10:53.148, 235639991079, vstest.console.dll, ProxyDataCollectionManager.BeforeTestRunStart: Get environment variable and port for datacollector processId: 1100 port: 65467
TpTrace Verbose: 0 : 14188, 1, 2023/05/12, 00:10:53.148, 235639992901, vstest.console.dll, DataCollectionRequestSender.SendBeforeTestRunStartAndGetResult: Send BeforeTestRunStart message with settingsXml <RunSettings><RunConfiguration><ResultsDirectory>D:\Design_patterns\Singleton\Singleton\Singleton\bin\Debug\net6.0\fine-code-coverage\coverage-tool-output</ResultsDirectory><TargetPlatform>X64</TargetPlatform><TargetFrameworkVersion>.NETCoreApp,Version=v6.0</TargetFrameworkVersion><DesignMode>False</DesignMode><CollectSourceInformation>False</CollectSourceInformation><TestAdaptersPaths>C:\Program Files\dotnet\sdk\7.0.203\Extensions</TestAdaptersPaths></RunConfiguration><LoggerRunSettings><Loggers><Logger friendlyName="blame" enabled="True" /><Logger friendlyName="Console" uri="logger://microsoft/TestPlatform/ConsoleLogger/v1" assemblyQualifiedName="Microsoft.VisualStudio.TestPlatform.CommandLine.Internal.ConsoleLogger, vstest.console, Version=15.0.0.0, Culture=neutral, PublicKeyToken=b03f5f7f11d50a3a" codeBase="C:\Program Files\dotnet\sdk\7.0.203\vstest.console.dll" enabled="True" /></Loggers></LoggerRunSettings><DataCollectionRunSettings><DataCollectors><DataCollector friendlyName="blame" enabled="True"><Configuration><ResultsDirectory>D:\Design_patterns\Singleton\Singleton\Singleton\bin\Debug\net6.0\fine-code-coverage\coverage-tool-output</ResultsDirectory></Configuration></DataCollector></DataCollectors></DataCollectionRunSettings></RunSettings> and sources System.Collections.Generic.List`1[System.String]: 
TpTrace Verbose: 0 : 14188, 1, 2023/05/12, 00:10:53.278, 235641299117, vstest.console.dll, DataCollectionRequestSender.SendBeforeTestRunStartAndGetResult: Received message: (DataCollection.SendMessage) -> {"MessageType":"DataCollection.SendMessage","Payload":{"FriendlyName":null,"Uri":null,"TestCaseId":"00000000-0000-0000-0000-000000000000","Message":"Logging DataCollector Diagnostics in file: D:\\Design_patterns\\Singleton\\Singleton\\Singleton\\bin\\Debug\\net6.0\\fine-code-coverage\\coverage-tool-output\\diagnostics.datacollector.23-05-12_00-10-52_92322_1.log","Level":0}}
TpTrace Verbose: 0 : 14188, 1, 2023/05/12, 00:10:53.393, 235642444745, vstest.console.dll, DataCollectionRequestSender.SendBeforeTestRunStartAndGetResult: Received message: (DataCollection.BeforeTestRunStartResult) -> {"MessageType":"DataCollection.BeforeTestRunStartResult","Payload":{"EnvironmentVariables":{},"DataCollectionEventsPort":65469}}
TpTrace Information: 0 : 14188, 1, 2023/05/12, 00:10:53.399, 235642505718, vstest.console.dll, ProxyDataCollectionManager.BeforeTestRunStart: SendBeforeTestRunStartAndGetResult successful, env variable from datacollector:   and testhost port: 65469
TpTrace Information: 0 : 14188, 1, 2023/05/12, 00:10:53.399, 235642507655, vstest.console.dll, ProxyDataCollectionManager.InvokeDataCollectionServiceAction: Completed.
TpTrace Verbose: 0 : 14188, 7, 2023/05/12, 00:10:53.399, 235642509257, vstest.console.dll, ParallelProxyExecutionManager: Execution started. Started clients: 1
TpTrace Verbose: 0 : 14188, 1, 2023/05/12, 00:10:53.399, 235642509769, vstest.console.dll, ProxyParallelExecutionManager: No sources available for execution.
TpTrace Information: 0 : 14188, 1, 2023/05/12, 00:10:53.400, 235642511101, vstest.console.dll, TestRunRequest.ExecuteAsync: Started.
TpTrace Verbose: 0 : 14188, 1, 2023/05/12, 00:10:53.400, 235642512213, vstest.console.dll, TestRunRequest.WaitForCompletion: Waiting with timeout -1.
TpTrace Verbose: 0 : 14188, 7, 2023/05/12, 00:10:53.400, 235642513563, vstest.console.dll, TestRunRequest:SendTestRunMessage: Starting.
TpTrace Verbose: 0 : 14188, 4, 2023/05/12, 00:10:53.400, 235642515956, vstest.console.dll, MulticastDelegateUtilities.SafeInvoke: InternalTestLoggerEvents.SendTestRunMessage: Invoking callback 1/1 for Microsoft.VisualStudio.TestPlatform.CommandLine.Internal.ConsoleLogger., took 0 ms.
TpTrace Verbose: 0 : 14188, 7, 2023/05/12, 00:10:53.400, 235642518748, vstest.console.dll, MulticastDelegateUtilities.SafeInvoke: TestRun.LogMessages: Invoking callback 1/1 for Microsoft.VisualStudio.TestPlatform.CommandLine.TestRunResultAggregator., took 0 ms.
TpTrace Information: 0 : 14188, 7, 2023/05/12, 00:10:53.400, 235642519618, vstest.console.dll, TestRunRequest:SendTestRunMessage: Completed.
TpTrace Verbose: 0 : 14188, 7, 2023/05/12, 00:10:53.401, 235642522454, vstest.console.dll, ProxyExecutionManager: Test host is always Lazy initialize.
TpTrace Verbose: 0 : 14188, 7, 2023/05/12, 00:10:53.401, 235642526687, vstest.console.dll, TestRequestSender.InitializeCommunication: initialize communication. 
TpTrace Information: 0 : 14188, 7, 2023/05/12, 00:10:53.402, 235642536320, vstest.console.dll, SocketServer.Start: Listening on endpoint : 127.0.0.1:65470
TpTrace Verbose: 0 : 14188, 7, 2023/05/12, 00:10:53.404, 235642554019, vstest.console.dll, DotnetTestHostmanager.GetTestHostProcessStartInfo: Platform environment 'X64' target architecture 'X64' framework '.NETCoreApp,Version=v6.0' OS 'Windows'
TpTrace Verbose: 0 : 14188, 7, 2023/05/12, 00:10:53.404, 235642556596, vstest.console.dll, DotnetTestHostmanager: Adding  --runtimeconfig "D:\Design_patterns\Singleton\Singleton\Singleton\bin\Debug\net6.0\fine-code-coverage\build-output\Singleton.runtimeconfig.json" in args
TpTrace Verbose: 0 : 14188, 7, 2023/05/12, 00:10:53.404, 235642557879, vstest.console.dll, DotnetTestHostmanager: Adding  --depsfile "D:\Design_patterns\Singleton\Singleton\Singleton\bin\Debug\net6.0\fine-code-coverage\build-output\Singleton.deps.json" in args
TpTrace Verbose: 0 : 14188, 7, 2023/05/12, 00:10:53.405, 235642560236, vstest.console.dll, DotnetTestHostmanager.IsWinOnArm: Current PROCESSOR_ARCHITECTURE from environment variable 'AMD64'
TpTrace Verbose: 0 : 14188, 7, 2023/05/12, 00:10:53.405, 235642561197, vstest.console.dll, DotnetTestHostmanager.IsWinOnArm: Is Windows on ARM 'False'
TpTrace Information: 0 : 14188, 7, 2023/05/12, 00:10:53.405, 235642562942, vstest.console.dll, AssemblyResolver.OnResolve: Microsoft.Extensions.DependencyModel: Resolving assembly.
TpTrace Information: 0 : 14188, 7, 2023/05/12, 00:10:53.405, 235642564021, vstest.console.dll, AssemblyResolver.OnResolve: Microsoft.Extensions.DependencyModel: Searching in: 'C:\Program Files\dotnet\sdk\7.0.203\Extensions'.
TpTrace Information: 0 : 14188, 7, 2023/05/12, 00:10:53.405, 235642565567, vstest.console.dll, AssemblyResolver.OnResolve: Microsoft.Extensions.DependencyModel: Assembly path does not exist: 'C:\Program Files\dotnet\sdk\7.0.203\Extensions\Microsoft.Extensions.DependencyModel.dll', returning.
TpTrace Information: 0 : 14188, 7, 2023/05/12, 00:10:53.405, 235642567133, vstest.console.dll, AssemblyResolver.OnResolve: Microsoft.Extensions.DependencyModel: Assembly path does not exist: 'C:\Program Files\dotnet\sdk\7.0.203\Extensions\Microsoft.Extensions.DependencyModel.exe', returning.
TpTrace Information: 0 : 14188, 7, 2023/05/12, 00:10:53.405, 235642568276, vstest.console.dll, AssemblyResolver.OnResolve: Microsoft.Extensions.DependencyModel: Searching in: 'C:\Program Files\dotnet\sdk\7.0.203'.
TpTrace Information: 0 : 14188, 7, 2023/05/12, 00:10:53.406, 235642575842, vstest.console.dll, AssemblyResolver.OnResolve: Microsoft.Extensions.DependencyModel: Loading assembly 'C:\Program Files\dotnet\sdk\7.0.203\Microsoft.Extensions.DependencyModel.dll'.
TpTrace Information: 0 : 14188, 7, 2023/05/12, 00:10:53.407, 235642584660, vstest.console.dll, AssemblyResolver.OnResolve: Resolved assembly: Microsoft.Extensions.DependencyModel, from path: C:\Program Files\dotnet\sdk\7.0.203\Microsoft.Extensions.DependencyModel.dll
TpTrace Verbose: 0 : 14188, 7, 2023/05/12, 00:10:53.407, 235642589941, vstest.console.dll, DotnetTestHostmanager: Runtimeconfig.dev.json D:\Design_patterns\Singleton\Singleton\Singleton\bin\Debug\net6.0\fine-code-coverage\build-output\Singleton.runtimeconfig.dev.json does not exist.
TpTrace Verbose: 0 : 14188, 7, 2023/05/12, 00:10:53.408, 235642592129, vstest.console.dll, DotnetTestHostmanager: Runtimeconfig.dev.json D:\Design_patterns\Singleton\Singleton\Singleton\bin\Debug\net6.0\fine-code-coverage\build-output\Singleton.runtimeconfig.dev.json does not exist.
TpTrace Verbose: 0 : 14188, 7, 2023/05/12, 00:10:53.408, 235642594363, vstest.console.dll, DotnetTestHostManager: Found testhost.dll next to runner executable: C:\Program Files\dotnet\sdk\7.0.203\testhost.dll.
TpTrace Verbose: 0 : 14188, 7, 2023/05/12, 00:10:53.408, 235642595172, vstest.console.dll, DotnetTestHostmanager: Adding  --additional-deps "C:\Program Files\dotnet\sdk\7.0.203\testhost.deps.json" in args
TpTrace Verbose: 0 : 14188, 7, 2023/05/12, 00:10:53.408, 235642595836, vstest.console.dll, DotnetTestHostmanager: Adding  --additionalprobingpath "C:\Program Files\dotnet\sdk\7.0.203" in args
TpTrace Verbose: 0 : 14188, 7, 2023/05/12, 00:10:53.408, 235642596757, vstest.console.dll, DotnetTestHostmanager: Current process architetcure 'X64'
TpTrace Verbose: 0 : 14188, 7, 2023/05/12, 00:10:53.409, 235642601967, vstest.console.dll, DotnetTestHostmanager.LaunchTestHostAsync: Compatible muxer architecture of running process 'X64' and target architecture 'X64'
TpTrace Verbose: 0 : 14188, 7, 2023/05/12, 00:10:53.409, 235642602782, vstest.console.dll, DotnetTestHostmanager: Full path of testhost.dll is C:\Program Files\dotnet\sdk\7.0.203\testhost.dll
TpTrace Verbose: 0 : 14188, 7, 2023/05/12, 00:10:53.409, 235642603471, vstest.console.dll, DotnetTestHostmanager: Full path of host exe is C:\Program Files\dotnet\dotnet.exe
TpTrace Verbose: 0 : 14188, 7, 2023/05/12, 00:10:53.409, 235642606679, vstest.console.dll, DotnetTestHostManager: Starting process 'C:\Program Files\dotnet\dotnet.exe' with command line 'exec --runtimeconfig "D:\Design_patterns\Singleton\Singleton\Singleton\bin\Debug\net6.0\fine-code-coverage\build-output\Singleton.runtimeconfig.json" --depsfile "D:\Design_patterns\Singleton\Singleton\Singleton\bin\Debug\net6.0\fine-code-coverage\build-output\Singleton.deps.json" --additional-deps "C:\Program Files\dotnet\sdk\7.0.203\testhost.deps.json" --additionalprobingpath "C:\Program Files\dotnet\sdk\7.0.203" "C:\Program Files\dotnet\sdk\7.0.203\testhost.dll" --port 65470 --endpoint 127.0.0.1:065470 --role client --parentprocessid 14188 --diag "D:\Design_patterns\Singleton\Singleton\Singleton\bin\Debug\net6.0\fine-code-coverage\coverage-tool-output\diagnostics.host.23-05-12_00-10-53_40353_7.log" --tracelevel 4 --datacollectionport 65469 --telemetryoptedin false'
TpTrace Verbose: 0 : 14188, 7, 2023/05/12, 00:10:53.416, 235642674694, vstest.console.dll, MulticastDelegateUtilities.SafeInvoke: HostProviderEvents.OnHostLaunched: Invoking callback 1/2 for Microsoft.VisualStudio.TestPlatform.CrossPlatEngine.Client.ProxyExecutionManagerWithDataCollection., took 2 ms.
TpTrace Verbose: 0 : 14188, 7, 2023/05/12, 00:10:53.416, 235642679793, vstest.console.dll, Test Runtime launched
TpTrace Verbose: 0 : 14188, 7, 2023/05/12, 00:10:53.417, 235642681202, vstest.console.dll, MulticastDelegateUtilities.SafeInvoke: HostProviderEvents.OnHostLaunched: Invoking callback 2/2 for Microsoft.VisualStudio.TestPlatform.CrossPlatEngine.Client.ProxyOperationManager., took 0 ms.
TpTrace Verbose: 0 : 14188, 7, 2023/05/12, 00:10:53.417, 235642683594, vstest.console.dll, TestRequestSender.WaitForRequestHandlerConnection: waiting for connection with timeout: 90000.
TpTrace Verbose: 0 : 14188, 7, 2023/05/12, 00:10:53.596, 235644474374, vstest.console.dll, TestRequestSender.WaitForRequestHandlerConnection: waiting took 179 ms, with timeout 90000 ms, and result 0, which is success.
TpTrace Verbose: 0 : 14188, 11, 2023/05/12, 00:10:53.596, 235644474480, vstest.console.dll, MulticastDelegateUtilities.SafeInvoke: SocketServer: ClientConnected: Invoking callback 1/1 for Microsoft.VisualStudio.TestPlatform.CommunicationUtilities.TestRequestSender., took 0 ms.
TpTrace Verbose: 0 : 14188, 11, 2023/05/12, 00:10:53.596, 235644476669, vstest.console.dll, SocketServer.OnClientConnected: Client connected for endPoint: 127.0.0.1:65470, starting MessageLoopAsync:
TpTrace Verbose: 0 : 14188, 11, 2023/05/12, 00:10:53.596, 235644479388, vstest.console.dll, TcpClientExtensions.MessageLoopAsync: Polling on remoteEndPoint: 127.0.0.1:65471 localEndPoint: 127.0.0.1:65470
TpTrace Verbose: 0 : 14188, 7, 2023/05/12, 00:10:53.597, 235644489911, vstest.console.dll, TestRequestSender.CheckVersionWithTestHost: Sending check version message: {"MessageType":"ProtocolVersion","Payload":7}
TpTrace Verbose: 0 : 14188, 11, 2023/05/12, 00:10:53.778, 235646293602, vstest.console.dll, TcpClientExtensions.MessageLoopAsync: NotifyDataAvailable remoteEndPoint: 127.0.0.1:65471 localEndPoint: 127.0.0.1:65470
TpTrace Verbose: 0 : 14188, 11, 2023/05/12, 00:10:53.778, 235646295840, vstest.console.dll, TestRequestSender.CheckVersionWithTestHost: onMessageReceived received message: (ProtocolVersion) -> {"MessageType":"ProtocolVersion","Payload":7}
TpTrace Verbose: 0 : 14188, 11, 2023/05/12, 00:10:53.779, 235646303037, vstest.console.dll, MulticastDelegateUtilities.SafeInvoke: LengthPrefixCommunicationChannel: MessageReceived: Invoking callback 1/1 for Microsoft.VisualStudio.TestPlatform.CommunicationUtilities.TestRequestSender+<>c__DisplayClass29_0., took 0 ms.
TpTrace Verbose: 0 : 14188, 7, 2023/05/12, 00:10:53.779, 235646304394, vstest.console.dll, TestPluginCache.GetExtensionPaths: Filtered extension paths: 
TpTrace Verbose: 0 : 14188, 11, 2023/05/12, 00:10:53.779, 235646305071, vstest.console.dll, TcpClientExtensions.MessageLoopAsync: Polling on remoteEndPoint: 127.0.0.1:65471 localEndPoint: 127.0.0.1:65470
TpTrace Verbose: 0 : 14188, 7, 2023/05/12, 00:10:53.779, 235646305674, vstest.console.dll, TestPluginCache.GetExtensionPaths: Added default extension paths: C:\Program Files\dotnet\sdk\7.0.203\Extensions\Microsoft.Diagnostics.NETCore.Client.dll
C:\Program Files\dotnet\sdk\7.0.203\Extensions\Microsoft.TestPlatform.Extensions.BlameDataCollector.dll
C:\Program Files\dotnet\sdk\7.0.203\Extensions\Microsoft.TestPlatform.Extensions.EventLogCollector.dll
C:\Program Files\dotnet\sdk\7.0.203\Extensions\Microsoft.TestPlatform.TestHostRuntimeProvider.dll
C:\Program Files\dotnet\sdk\7.0.203\Extensions\Microsoft.VisualStudio.TestPlatform.Extensions.Html.TestLogger.dll
C:\Program Files\dotnet\sdk\7.0.203\Extensions\Microsoft.VisualStudio.TestPlatform.Extensions.Trx.TestLogger.dll
TpTrace Verbose: 0 : 14188, 7, 2023/05/12, 00:10:53.779, 235646307676, vstest.console.dll, TestPluginCache.GetExtensionPaths: Added unfilterableExtensionPaths: 
TpTrace Warning: 0 : 14188, 7, 2023/05/12, 00:10:53.781, 235646320842, vstest.console.dll, InferRunSettingsHelper.MakeRunsettingsCompatible: Removing the following settings: TargetPlatform from RunSettings file. To use those settings please move to latest version of Microsoft.NET.Test.Sdk
TpTrace Verbose: 0 : 14188, 11, 2023/05/12, 00:10:53.786, 235646373164, vstest.console.dll, TcpClientExtensions.MessageLoopAsync: NotifyDataAvailable remoteEndPoint: 127.0.0.1:65471 localEndPoint: 127.0.0.1:65470
TpTrace Verbose: 0 : 14188, 11, 2023/05/12, 00:10:53.786, 235646378876, vstest.console.dll, TestRequestSender.OnExecutionMessageReceived: Received message: {"Version":7,"MessageType":"TestSession.Message","Payload":{"MessageLevel":0,"Message":"Logging TestHost Diagnostics in file: D:\\Design_patterns\\Singleton\\Singleton\\Singleton\\bin\\Debug\\net6.0\\fine-code-coverage\\coverage-tool-output\\diagnostics.host.23-05-12_00-10-53_40353_7.log"}}
TpTrace Verbose: 0 : 14188, 11, 2023/05/12, 00:10:53.790, 235646418132, vstest.console.dll, TestRunRequest:SendTestRunMessage: Starting.
TpTrace Verbose: 0 : 14188, 11, 2023/05/12, 00:10:53.791, 235646421173, vstest.console.dll, MulticastDelegateUtilities.SafeInvoke: TestRun.LogMessages: Invoking callback 1/1 for Microsoft.VisualStudio.TestPlatform.CommandLine.TestRunResultAggregator., took 0 ms.
TpTrace Verbose: 0 : 14188, 4, 2023/05/12, 00:10:53.791, 235646421540, vstest.console.dll, MulticastDelegateUtilities.SafeInvoke: InternalTestLoggerEvents.SendTestRunMessage: Invoking callback 1/1 for Microsoft.VisualStudio.TestPlatform.CommandLine.Internal.ConsoleLogger., took 0 ms.
TpTrace Information: 0 : 14188, 11, 2023/05/12, 00:10:53.791, 235646422848, vstest.console.dll, TestRunRequest:SendTestRunMessage: Completed.
TpTrace Verbose: 0 : 14188, 11, 2023/05/12, 00:10:53.791, 235646423719, vstest.console.dll, MulticastDelegateUtilities.SafeInvoke: LengthPrefixCommunicationChannel: MessageReceived: Invoking callback 1/1 for Microsoft.VisualStudio.TestPlatform.CommunicationUtilities.TestRequestSender+<>c__DisplayClass34_0., took 4 ms.
TpTrace Verbose: 0 : 14188, 11, 2023/05/12, 00:10:53.791, 235646424138, vstest.console.dll, TcpClientExtensions.MessageLoopAsync: Polling on remoteEndPoint: 127.0.0.1:65471 localEndPoint: 127.0.0.1:65470
TpTrace Verbose: 0 : 14188, 7, 2023/05/12, 00:10:53.794, 235646456484, vstest.console.dll, TestRequestSender.StartTestRun: Sending test run with message: {"Version":7,"MessageType":"TestExecution.StartWithSources","Payload":{"AdapterSourceMap":{"_none_":["D:\\Design_patterns\\Singleton\\Singleton\\Singleton\\bin\\Debug\\net6.0\\fine-code-coverage\\build-output\\Singleton.dll"]},"RunSettings":"<RunSettings>\r\n  <RunConfiguration>\r\n    <ResultsDirectory>D:\\Design_patterns\\Singleton\\Singleton\\Singleton\\bin\\Debug\\net6.0\\fine-code-coverage\\coverage-tool-output</ResultsDirectory>\r\n    <TargetFrameworkVersion>.NETCoreApp,Version=v6.0</TargetFrameworkVersion>\r\n    <DesignMode>False</DesignMode>\r\n    <CollectSourceInformation>False</CollectSourceInformation>\r\n  </RunConfiguration>\r\n  <LoggerRunSettings>\r\n    <Loggers>\r\n      <Logger friendlyName=\"blame\" enabled=\"True\" />\r\n      <Logger friendlyName=\"Console\" uri=\"logger://microsoft/TestPlatform/ConsoleLogger/v1\" assemblyQualifiedName=\"Microsoft.VisualStudio.TestPlatform.CommandLine.Internal.ConsoleLogger, vstest.console, Version=15.0.0.0, Culture=neutral, PublicKeyToken=b03f5f7f11d50a3a\" codeBase=\"C:\\Program Files\\dotnet\\sdk\\7.0.203\\vstest.console.dll\" enabled=\"True\" />\r\n    </Loggers>\r\n  </LoggerRunSettings>\r\n  <DataCollectionRunSettings>\r\n    <DataCollectors>\r\n      <DataCollector friendlyName=\"blame\" enabled=\"True\">\r\n        <Configuration>\r\n          <ResultsDirectory>D:\\Design_patterns\\Singleton\\Singleton\\Singleton\\bin\\Debug\\net6.0\\fine-code-coverage\\coverage-tool-output</ResultsDirectory>\r\n        </Configuration>\r\n      </DataCollector>\r\n    </DataCollectors>\r\n  </DataCollectionRunSettings>\r\n</RunSettings>","TestExecutionContext":{"FrequencyOfRunStatsChangeEvent":10,"RunStatsChangeEventTimeout":"00:00:01.5000000","InIsolation":false,"KeepAlive":false,"AreTestCaseLevelEventsRequired":false,"IsDebug":false,"TestCaseFilter":null,"FilterOptions":null},"Package":null}}
TpTrace Verbose: 0 : 14188, 11, 2023/05/12, 00:10:53.988, 235648390857, vstest.console.dll, TcpClientExtensions.MessageLoopAsync: NotifyDataAvailable remoteEndPoint: 127.0.0.1:65471 localEndPoint: 127.0.0.1:65470
TpTrace Verbose: 0 : 14188, 11, 2023/05/12, 00:10:53.988, 235648392719, vstest.console.dll, TestRequestSender.OnExecutionMessageReceived: Received message: {"Version":7,"MessageType":"TestSession.Message","Payload":{"MessageLevel":1,"Message":"No test is available in D:\\Design_patterns\\Singleton\\Singleton\\Singleton\\bin\\Debug\\net6.0\\fine-code-coverage\\build-output\\Singleton.dll. Make sure that test discoverer & executors are registered and platform & framework version settings are appropriate and try again."}}
TpTrace Verbose: 0 : 14188, 11, 2023/05/12, 00:10:53.988, 235648396500, vstest.console.dll, TestRunRequest:SendTestRunMessage: Starting.
TpTrace Verbose: 0 : 14188, 11, 2023/05/12, 00:10:53.988, 235648397525, vstest.console.dll, MulticastDelegateUtilities.SafeInvoke: TestRun.LogMessages: Invoking callback 1/1 for Microsoft.VisualStudio.TestPlatform.CommandLine.TestRunResultAggregator., took 0 ms.
TpTrace Information: 0 : 14188, 11, 2023/05/12, 00:10:53.988, 235648398362, vstest.console.dll, TestRunRequest:SendTestRunMessage: Completed.
TpTrace Verbose: 0 : 14188, 11, 2023/05/12, 00:10:53.988, 235648398941, vstest.console.dll, MulticastDelegateUtilities.SafeInvoke: LengthPrefixCommunicationChannel: MessageReceived: Invoking callback 1/1 for Microsoft.VisualStudio.TestPlatform.CommunicationUtilities.TestRequestSender+<>c__DisplayClass34_0., took 0 ms.
TpTrace Verbose: 0 : 14188, 11, 2023/05/12, 00:10:53.988, 235648399609, vstest.console.dll, TcpClientExtensions.MessageLoopAsync: Polling on remoteEndPoint: 127.0.0.1:65471 localEndPoint: 127.0.0.1:65470
TpTrace Verbose: 0 : 14188, 4, 2023/05/12, 00:10:53.989, 235648401099, vstest.console.dll, MulticastDelegateUtilities.SafeInvoke: InternalTestLoggerEvents.SendTestRunMessage: Invoking callback 1/1 for Microsoft.VisualStudio.TestPlatform.CommandLine.Internal.ConsoleLogger., took 0 ms.
TpTrace Verbose: 0 : 14188, 11, 2023/05/12, 00:10:54.026, 235648771320, vstest.console.dll, TcpClientExtensions.MessageLoopAsync: NotifyDataAvailable remoteEndPoint: 127.0.0.1:65471 localEndPoint: 127.0.0.1:65470
TpTrace Verbose: 0 : 14188, 11, 2023/05/12, 00:10:54.026, 235648773035, vstest.console.dll, TestRequestSender.OnExecutionMessageReceived: Received message: {"Version":7,"MessageType":"TestExecution.Completed","Payload":{"TestRunCompleteArgs":{"TestRunStatistics":{"ExecutedTests":0,"Stats":{}},"IsCanceled":false,"IsAborted":false,"Error":null,"AttachmentSets":[],"InvokedDataCollectors":[],"ElapsedTimeInRunningTests":"00:00:00.0056388","Metrics":{},"DiscoveredExtensions":{"TestDiscoverers":[],"TestSettingsProviders":[]}},"LastRunTests":{"NewTestResults":[],"TestRunStatistics":{"ExecutedTests":0,"Stats":{}},"ActiveTests":[]},"RunAttachments":[],"ExecutorUris":[]}}
TpTrace Verbose: 0 : 14188, 11, 2023/05/12, 00:10:54.026, 235648773946, vstest.console.dll, TestRequestSender.EndSession: Sending end session.
TpTrace Verbose: 0 : 14188, 11, 2023/05/12, 00:10:54.026, 235648775724, vstest.console.dll, ProxyOperationManager.Close: waiting for test host to exit for 100 ms
TpTrace Warning: 0 : 14188, 10, 2023/05/12, 00:10:54.045, 235648964349, vstest.console.dll, TestHostManagerCallbacks.ErrorReceivedCallback Test host standard error line: 
TpTrace Verbose: 0 : 14188, 10, 2023/05/12, 00:10:54.052, 235649030745, vstest.console.dll, TestHostProvider.ExitCallBack: Host exited starting callback.
TpTrace Information: 0 : 14188, 10, 2023/05/12, 00:10:54.052, 235649033093, vstest.console.dll, TestHostManagerCallbacks.ExitCallBack: Testhost processId: 17044 exited with exitcode: 0 error: ''
TpTrace Verbose: 0 : 14188, 10, 2023/05/12, 00:10:54.052, 235649033670, vstest.console.dll, DotnetTestHostManager.OnHostExited: invoking OnHostExited callback
TpTrace Verbose: 0 : 14188, 10, 2023/05/12, 00:10:54.052, 235649034181, vstest.console.dll, CrossPlatEngine.TestHostManagerHostExited: calling on client process exit callback.
TpTrace Information: 0 : 14188, 10, 2023/05/12, 00:10:54.052, 235649034881, vstest.console.dll, TestRequestSender.OnClientProcessExit: Test host process exited. Standard error: 
TpTrace Information: 0 : 14188, 10, 2023/05/12, 00:10:54.052, 235649035495, vstest.console.dll, SocketServer.Stop: Stop server endPoint: 127.0.0.1:65470
TpTrace Information: 0 : 14188, 10, 2023/05/12, 00:10:54.052, 235649035803, vstest.console.dll, SocketServer.Stop: Cancellation requested. Stopping message loop.
TpTrace Verbose: 0 : 14188, 10, 2023/05/12, 00:10:54.052, 235649036687, vstest.console.dll, MulticastDelegateUtilities.SafeInvoke: HostProviderEvents.OnHostExited: Invoking callback 1/1 for Microsoft.VisualStudio.TestPlatform.CrossPlatEngine.Client.ProxyOperationManager., took 0 ms.
TpTrace Information: 0 : 14188, 11, 2023/05/12, 00:10:54.052, 235649037175, vstest.console.dll, SocketServer.Stop: Stop server endPoint: 127.0.0.1:65470
TpTrace Information: 0 : 14188, 11, 2023/05/12, 00:10:54.052, 235649038444, vstest.console.dll, SocketServer.Stop: Cancellation requested. Stopping message loop.
TpTrace Information: 0 : 14188, 11, 2023/05/12, 00:10:54.052, 235649039481, vstest.console.dll, Closing the connection
TpTrace Verbose: 0 : 14188, 11, 2023/05/12, 00:10:54.053, 235649044630, vstest.console.dll, ProxyDataCollectionManager.InvokeDataCollectionServiceAction: Starting.
TpTrace Information: 0 : 14188, 11, 2023/05/12, 00:10:54.053, 235649045442, vstest.console.dll, ProxyDataCollectionManager.AfterTestRunEnd: Get attachment set and invoked data collectors processId: 1100 port: 65467
TpTrace Verbose: 0 : 14188, 11, 2023/05/12, 00:10:54.053, 235649046220, vstest.console.dll, DataCollectionRequestSender.SendAfterTestRunStartAndGetResult: Send AfterTestRunEnd message with isCancelled: False
TpTrace Verbose: 0 : 14188, 11, 2023/05/12, 00:10:54.066, 235649174286, vstest.console.dll, DataCollectionRequestSender.SendAfterTestRunStartAndGetResult: Received message: (DataCollection.AfterTestRunEndResult) -> {"MessageType":"DataCollection.AfterTestRunEndResult","Payload":{"AttachmentSets":[],"InvokedDataCollectors":[{"Uri":"datacollector://Microsoft/TestPlatform/Extensions/Blame/v1","FriendlyName":"Blame","AssemblyQualifiedName":"Microsoft.TestPlatform.Extensions.BlameDataCollector.BlameCollector, Microsoft.TestPlatform.Extensions.BlameDataCollector, Version=15.0.0.0, Culture=neutral, PublicKeyToken=b03f5f7f11d50a3a","FilePath":"C:\\Program Files\\dotnet\\sdk\\7.0.203\\Extensions\\Microsoft.TestPlatform.Extensions.BlameDataCollector.dll","HasAttachmentProcessor":false}],"Metrics":{}}}
TpTrace Information: 0 : 14188, 11, 2023/05/12, 00:10:54.077, 235649288388, vstest.console.dll, ProxyDataCollectionManager.InvokeDataCollectionServiceAction: Completed.
TpTrace Warning: 0 : 14188, 9, 2023/05/12, 00:10:54.082, 235649336429, vstest.console.dll, DataCollectionLauncher.ErrorReceivedCallback datacollector standard error line: 
TpTrace Information: 0 : 14188, 9, 2023/05/12, 00:10:54.090, 235649417722, vstest.console.dll, DataCollectionLauncher.ExitCallBack: Data collector exited with exitcode: 0 error: ''
TpTrace Verbose: 0 : 14188, 11, 2023/05/12, 00:10:54.122, 235649732248, vstest.console.dll, TestRunRequest:SendTestRunStatsChange: Starting.
TpTrace Verbose: 0 : 14188, 11, 2023/05/12, 00:10:54.122, 235649735389, vstest.console.dll, MulticastDelegateUtilities.SafeInvoke: TestRun.RunStatsChanged: Invoking callbacks was skipped because there are no subscribers.
TpTrace Information: 0 : 14188, 11, 2023/05/12, 00:10:54.122, 235649735959, vstest.console.dll, TestRunRequest:SendTestRunStatsChange: Completed.
TpTrace Verbose: 0 : 14188, 11, 2023/05/12, 00:10:54.123, 235649742513, vstest.console.dll, ParallelProxyExecutionManager: HandlePartialRunComplete: Total completed clients = 1, Run complete = True, Run canceled: False.
TpTrace Verbose: 0 : 14188, 4, 2023/05/12, 00:10:54.138, 235649893286, vstest.console.dll, MulticastDelegateUtilities.SafeInvoke: InternalTestLoggerEvents.SendTestRunComplete: Invoking callback 1/2 for Microsoft.TestPlatform.Extensions.BlameDataCollector.BlameLogger., took 0 ms.
TpTrace Verbose: 0 : 14188, 4, 2023/05/12, 00:10:54.142, 235649935819, vstest.console.dll, MulticastDelegateUtilities.SafeInvoke: InternalTestLoggerEvents.SendTestRunComplete: Invoking callback 2/2 for Microsoft.VisualStudio.TestPlatform.CommandLine.Internal.ConsoleLogger., took 4 ms.
TpTrace Verbose: 0 : 14188, 11, 2023/05/12, 00:10:54.143, 235649941219, vstest.console.dll, TestRunRequest:TestRunComplete: Starting. IsAborted:False IsCanceled:False.
TpTrace Verbose: 0 : 14188, 11, 2023/05/12, 00:10:54.144, 235649957096, vstest.console.dll, TestLoggerManager.HandleTestRunComplete: Ignoring as the object is disposed.
TpTrace Verbose: 0 : 14188, 11, 2023/05/12, 00:10:54.145, 235649964350, vstest.console.dll, MulticastDelegateUtilities.SafeInvoke: TestRun.TestRunComplete: Invoking callback 1/2 for Microsoft.VisualStudio.TestPlatform.CommandLine.TestRunResultAggregator., took 0 ms.
TpTrace Verbose: 0 : 14188, 11, 2023/05/12, 00:10:54.145, 235649967551, vstest.console.dll, MulticastDelegateUtilities.SafeInvoke: TestRun.TestRunComplete: Invoking callback 2/2 for Microsoft.VisualStudio.TestPlatform.CommandLine.Processors.RunTestsArgumentExecutor+TestRunRequestEventsRegistrar., took 0 ms.
TpTrace Information: 0 : 14188, 11, 2023/05/12, 00:10:54.145, 235649969327, vstest.console.dll, TestRunRequest:TestRunComplete: Completed.
TpTrace Verbose: 0 : 14188, 11, 2023/05/12, 00:10:54.146, 235649970109, vstest.console.dll, TestRequestSender.SetOperationComplete: Setting operation complete.
TpTrace Information: 0 : 14188, 11, 2023/05/12, 00:10:54.146, 235649970800, vstest.console.dll, SocketServer.Stop: Stop server endPoint: 127.0.0.1:65470
TpTrace Verbose: 0 : 14188, 1, 2023/05/12, 00:10:54.146, 235649971193, vstest.console.dll, TestRunRequest.Dispose: Starting.
TpTrace Information: 0 : 14188, 11, 2023/05/12, 00:10:54.146, 235649971388, vstest.console.dll, SocketServer.Stop: Cancellation requested. Stopping message loop.
TpTrace Information: 0 : 14188, 1, 2023/05/12, 00:10:54.146, 235649972273, vstest.console.dll, TestRunRequest.Dispose: Completed.
TpTrace Verbose: 0 : 14188, 11, 2023/05/12, 00:10:54.146, 235649973236, vstest.console.dll, MulticastDelegateUtilities.SafeInvoke: LengthPrefixCommunicationChannel: MessageReceived: Invoking callback 1/1 for Microsoft.VisualStudio.TestPlatform.CommunicationUtilities.TestRequestSender+<>c__DisplayClass34_0., took 120 ms.
TpTrace Information: 0 : 14188, 11, 2023/05/12, 00:10:54.146, 235649974094, vstest.console.dll, SocketServer.PrivateStop: Stopping server endPoint: 127.0.0.1:65470 error: 
TpTrace Information: 0 : 14188, 1, 2023/05/12, 00:10:54.146, 235649974214, vstest.console.dll, TestRequestManager.RunTests: run tests completed.
TpTrace Information: 0 : 14188, 1, 2023/05/12, 00:10:54.146, 235649979267, vstest.console.dll, RunTestsArgumentProcessor:Execute: Test run is completed.
TpTrace Verbose: 0 : 14188, 11, 2023/05/12, 00:10:54.147, 235649981448, vstest.console.dll, LengthPrefixCommunicationChannel.Dispose: Dispose reader and writer.
TpTrace Verbose: 0 : 14188, 1, 2023/05/12, 00:10:54.147, 235649982161, vstest.console.dll, Executor.Execute: Exiting with exit code of 0
TpTrace Information: 0 : 14188, 11, 2023/05/12, 00:10:54.147, 235649982625, vstest.console.dll, SocketServer.Stop: Raise disconnected event endPoint: 127.0.0.1:65470 error: 
TpTrace Verbose: 0 : 14188, 11, 2023/05/12, 00:10:54.147, 235649984536, vstest.console.dll, TestRequestSender: OnTestRunAbort: Operation is already complete. Skip error message.
TpTrace Verbose: 0 : 14188, 11, 2023/05/12, 00:10:54.147, 235649985163, vstest.console.dll, MulticastDelegateUtilities.SafeInvoke: SocketServer: ClientDisconnected: Invoking callback 1/1 for Microsoft.VisualStudio.TestPlatform.CommunicationUtilities.TestRequestSender., took 0 ms.
TpTrace Verbose: 0 : 14188, 11, 2023/05/12, 00:10:54.147, 235649985532, vstest.console.dll, TcpClientExtensions.MessageLoopAsync: exiting MessageLoopAsync remoteEndPoint: 127.0.0.1:65471 localEndPoint: 127.0.0.1:65470
