TpTrace Verbose: 0 : 17044, 1, 2023/05/12, 00:10:53.569, 235644206788, testhost.dll, Version: 17.5.0-release-20221220-01 Current process architecture: X64
TpTrace Verbose: 0 : 17044, 1, 2023/05/12, 00:10:53.572, 235644232859, testhost.dll, Runtime location: C:\Program Files\dotnet\shared\Microsoft.NETCore.App\6.0.16
TpTrace Information: 0 : 17044, 1, 2023/05/12, 00:10:53.574, 235644256216, testhost.dll, DefaultEngineInvoker.Invoke: Testhost process started with args :[--port, 65470],[--endpoint, 127.0.0.1:065470],[--role, client],[--parentprocessid, 14188],[--diag, D:\Design_patterns\Singleton\Singleton\Singleton\bin\Debug\net6.0\fine-code-coverage\coverage-tool-output\diagnostics.host.23-05-12_00-10-53_40353_7.log],[--tracelevel, 4],[--datacollectionport, 65469],[--telemetryoptedin, false]
TpTrace Information: 0 : 17044, 1, 2023/05/12, 00:10:53.575, 235644269657, testhost.dll, Setting up debug trace listener.
TpTrace Verbose: 0 : 17044, 1, 2023/05/12, 00:10:53.576, 235644271128, testhost.dll, TestPlatformTraceListener.Setup: Replacing listener System.Diagnostics.DefaultTraceListener with TestHostTraceListener.
TpTrace Verbose: 0 : 17044, 1, 2023/05/12, 00:10:53.576, 235644271568, testhost.dll, TestPlatformTraceListener.Setup: Added test platform trace listener.
TpTrace Information: 0 : 17044, 1, 2023/05/12, 00:10:53.576, 235644274050, testhost.dll, DefaultEngineInvoker.SetParentProcessExitCallback: Monitoring parent process with id: '14188'
TpTrace Information: 0 : 17044, 1, 2023/05/12, 00:10:53.580, 235644310595, testhost.dll, DefaultEngineInvoker.GetConnectionInfo: Initialize communication on endpoint address: '127.0.0.1:065470'
TpTrace Information: 0 : 17044, 1, 2023/05/12, 00:10:53.589, 235644402434, testhost.dll, SocketClient.Start: connecting to server endpoint: 127.0.0.1:065470
TpTrace Information: 0 : 17044, 1, 2023/05/12, 00:10:53.598, 235644495961, testhost.dll, DefaultEngineInvoker.ConnectToDatacollector: Connecting to datacollector, port: 65469
TpTrace Information: 0 : 17044, 10, 2023/05/12, 00:10:53.599, 235644509654, testhost.dll, SocketClient.OnServerConnected: connected to server endpoint: 127.0.0.1:065470
TpTrace Information: 0 : 17044, 1, 2023/05/12, 00:10:53.602, 235644537115, testhost.dll, Trying to connect to server on socket : 127.0.0.1:65469 
TpTrace Verbose: 0 : 17044, 10, 2023/05/12, 00:10:53.602, 235644538882, testhost.dll, MulticastDelegateUtilities.SafeInvoke: SocketClient: ServerConnected: Invoking callback 1/1 for Microsoft.VisualStudio.TestPlatform.CommunicationUtilities.TestRequestHandler., took 0 ms.
TpTrace Verbose: 0 : 17044, 10, 2023/05/12, 00:10:53.602, 235644539483, testhost.dll, Connected to server, and starting MessageLoopAsync
TpTrace Verbose: 0 : 17044, 1, 2023/05/12, 00:10:53.603, 235644540490, testhost.dll, SocketCommunicationManager : SetupClientAsync : Attempting to connect to the server.
TpTrace Information: 0 : 17044, 9, 2023/05/12, 00:10:53.604, 235644558357, testhost.dll, Connected to the server successfully 
TpTrace Information: 0 : 17044, 9, 2023/05/12, 00:10:53.604, 235644559675, testhost.dll, Using the buffer size of 16384 bytes
TpTrace Verbose: 0 : 17044, 1, 2023/05/12, 00:10:53.605, 235644561891, testhost.dll, SocketCommunicationManager.WaitForServerConnection took: 0 ms, with 90000 ms timeout, and finished with True.
TpTrace Information: 0 : 17044, 1, 2023/05/12, 00:10:53.605, 235644563307, testhost.dll, DefaultEngineInvoker.Invoke: Start Request Processing.
TpTrace Information: 0 : 17044, 12, 2023/05/12, 00:10:53.606, 235644571967, testhost.dll, DefaultEngineInvoker.StartProcessingAsync: Connected to vstest.console, Starting process requests.
TpTrace Verbose: 0 : 17044, 10, 2023/05/12, 00:10:53.607, 235644584292, testhost.dll, TcpClientExtensions.MessageLoopAsync: Polling on remoteEndPoint: [::ffff:127.0.0.1]:65470 localEndPoint: [::ffff:127.0.0.1]:65471
TpTrace Verbose: 0 : 17044, 10, 2023/05/12, 00:10:53.607, 235644589678, testhost.dll, TcpClientExtensions.MessageLoopAsync: NotifyDataAvailable remoteEndPoint: [::ffff:127.0.0.1]:65470 localEndPoint: [::ffff:127.0.0.1]:65471
TpTrace Information: 0 : 17044, 10, 2023/05/12, 00:10:53.613, 235644646526, testhost.dll, TestRequestHandler.OnMessageReceived: received message: (ProtocolVersion) -> {"MessageType":"ProtocolVersion","Payload":7}
TpTrace Verbose: 0 : 17044, 10, 2023/05/12, 00:10:53.786, 235646370856, testhost.dll, TestRequestHandler.SendData: sending data from testhost: {"Version":7,"MessageType":"TestSession.Message","Payload":{"MessageLevel":0,"Message":"Logging TestHost Diagnostics in file: D:\\Design_patterns\\Singleton\\Singleton\\Singleton\\bin\\Debug\\net6.0\\fine-code-coverage\\coverage-tool-output\\diagnostics.host.23-05-12_00-10-53_40353_7.log"}}
TpTrace Verbose: 0 : 17044, 10, 2023/05/12, 00:10:53.786, 235646373025, testhost.dll, MulticastDelegateUtilities.SafeInvoke: LengthPrefixCommunicationChannel: MessageReceived: Invoking callback 1/1 for Microsoft.VisualStudio.TestPlatform.CommunicationUtilities.TestRequestHandler., took 176 ms.
TpTrace Verbose: 0 : 17044, 10, 2023/05/12, 00:10:53.786, 235646373519, testhost.dll, TcpClientExtensions.MessageLoopAsync: Polling on remoteEndPoint: [::ffff:127.0.0.1]:65470 localEndPoint: [::ffff:127.0.0.1]:65471
TpTrace Verbose: 0 : 17044, 10, 2023/05/12, 00:10:53.794, 235646459849, testhost.dll, TcpClientExtensions.MessageLoopAsync: NotifyDataAvailable remoteEndPoint: [::ffff:127.0.0.1]:65470 localEndPoint: [::ffff:127.0.0.1]:65471
TpTrace Information: 0 : 17044, 10, 2023/05/12, 00:10:53.795, 235646463100, testhost.dll, TestRequestHandler.OnMessageReceived: received message: (TestExecution.StartWithSources) -> {"Version":7,"MessageType":"TestExecution.StartWithSources","Payload":{"AdapterSourceMap":{"_none_":["D:\\Design_patterns\\Singleton\\Singleton\\Singleton\\bin\\Debug\\net6.0\\fine-code-coverage\\build-output\\Singleton.dll"]},"RunSettings":"<RunSettings>\r\n  <RunConfiguration>\r\n    <ResultsDirectory>D:\\Design_patterns\\Singleton\\Singleton\\Singleton\\bin\\Debug\\net6.0\\fine-code-coverage\\coverage-tool-output</ResultsDirectory>\r\n    <TargetFrameworkVersion>.NETCoreApp,Version=v6.0</TargetFrameworkVersion>\r\n    <DesignMode>False</DesignMode>\r\n    <CollectSourceInformation>False</CollectSourceInformation>\r\n  </RunConfiguration>\r\n  <LoggerRunSettings>\r\n    <Loggers>\r\n      <Logger friendlyName=\"blame\" enabled=\"True\" />\r\n      <Logger friendlyName=\"Console\" uri=\"logger://microsoft/TestPlatform/ConsoleLogger/v1\" assemblyQualifiedName=\"Microsoft.VisualStudio.TestPlatform.CommandLine.Internal.ConsoleLogger, vstest.console, Version=15.0.0.0, Culture=neutral, PublicKeyToken=b03f5f7f11d50a3a\" codeBase=\"C:\\Program Files\\dotnet\\sdk\\7.0.203\\vstest.console.dll\" enabled=\"True\" />\r\n    </Loggers>\r\n  </LoggerRunSettings>\r\n  <DataCollectionRunSettings>\r\n    <DataCollectors>\r\n      <DataCollector friendlyName=\"blame\" enabled=\"True\">\r\n        <Configuration>\r\n          <ResultsDirectory>D:\\Design_patterns\\Singleton\\Singleton\\Singleton\\bin\\Debug\\net6.0\\fine-code-coverage\\coverage-tool-output</ResultsDirectory>\r\n        </Configuration>\r\n      </DataCollector>\r\n    </DataCollectors>\r\n  </DataCollectionRunSettings>\r\n</RunSettings>","TestExecutionContext":{"FrequencyOfRunStatsChangeEvent":10,"RunStatsChangeEventTimeout":"00:00:01.5000000","InIsolation":false,"KeepAlive":false,"AreTestCaseLevelEventsRequired":false,"IsDebug":false,"TestCaseFilter":null,"FilterOptions":null},"Package":null}}
TpTrace Verbose: 0 : 17044, 10, 2023/05/12, 00:10:53.831, 235646827802, testhost.dll, MulticastDelegateUtilities.SafeInvoke: LengthPrefixCommunicationChannel: MessageReceived: Invoking callback 1/1 for Microsoft.VisualStudio.TestPlatform.CommunicationUtilities.TestRequestHandler., took 36 ms.
TpTrace Verbose: 0 : 17044, 10, 2023/05/12, 00:10:53.831, 235646828802, testhost.dll, TcpClientExtensions.MessageLoopAsync: Polling on remoteEndPoint: [::ffff:127.0.0.1]:65470 localEndPoint: [::ffff:127.0.0.1]:65471
TpTrace Information: 0 : 17044, 4, 2023/05/12, 00:10:53.832, 235646834421, testhost.dll, TestRequestHandler.OnMessageReceived: Running job 'TestExecution.StartWithSources'.
TpTrace Verbose: 0 : 17044, 4, 2023/05/12, 00:10:53.856, 235647075069, testhost.dll, TestPluginCache.DiscoverTestExtensions: finding test extensions in assemblies ends with: TestAdapter.dll TPluginInfo: Microsoft.VisualStudio.TestPlatform.Common.ExtensionFramework.Utilities.TestSettingsProviderPluginInformation TExtension: Microsoft.VisualStudio.TestPlatform.ObjectModel.Adapter.ISettingsProvider
TpTrace Verbose: 0 : 17044, 4, 2023/05/12, 00:10:53.858, 235647095167, testhost.dll, TestPluginCache.GetExtensionPaths: Filtered extension paths: 
TpTrace Verbose: 0 : 17044, 4, 2023/05/12, 00:10:53.858, 235647096282, testhost.dll, TestPluginCache.GetExtensionPaths: Added default extension paths: 
TpTrace Verbose: 0 : 17044, 4, 2023/05/12, 00:10:53.858, 235647096624, testhost.dll, TestPluginCache.GetExtensionPaths: Added unfilterableExtensionPaths: 
TpTrace Information: 0 : 17044, 4, 2023/05/12, 00:10:53.859, 235647108979, testhost.dll, AssemblyResolver.ctor: Creating AssemblyResolver with searchDirectories C:\Program Files\dotnet\sdk\7.0.203
TpTrace Verbose: 0 : 17044, 4, 2023/05/12, 00:10:53.862, 235647132279, testhost.dll, TestPluginCache.DiscoverTestExtensions: Discovering the extensions using extension path.
TpTrace Verbose: 0 : 17044, 4, 2023/05/12, 00:10:53.862, 235647134382, testhost.dll, TestPluginCache.GetExtensionPaths: Filtered extension paths: 
TpTrace Verbose: 0 : 17044, 4, 2023/05/12, 00:10:53.862, 235647135144, testhost.dll, TestPluginCache.GetExtensionPaths: Added default extension paths: 
TpTrace Verbose: 0 : 17044, 4, 2023/05/12, 00:10:53.862, 235647135638, testhost.dll, TestPluginCache.GetExtensionPaths: Added unfilterableExtensionPaths: 
TpTrace Verbose: 0 : 17044, 4, 2023/05/12, 00:10:53.862, 235647136580, testhost.dll, TestPluginCache.DiscoverTestExtensions: Discovering the extensions using allExtensionPaths: 
TpTrace Information: 0 : 17044, 4, 2023/05/12, 00:10:53.869, 235647206703, testhost.dll, AssemblyResolver.OnResolve: Microsoft.VisualStudio.TestTools.CppUnitTestFramework.CppUnitTestExtension: Resolving assembly.
TpTrace Information: 0 : 17044, 4, 2023/05/12, 00:10:53.869, 235647208408, testhost.dll, AssemblyResolver.OnResolve: Microsoft.VisualStudio.TestTools.CppUnitTestFramework.CppUnitTestExtension: Searching in: 'C:\Program Files\dotnet\sdk\7.0.203'.
TpTrace Information: 0 : 17044, 4, 2023/05/12, 00:10:53.870, 235647210938, testhost.dll, AssemblyResolver.OnResolve: Microsoft.VisualStudio.TestTools.CppUnitTestFramework.CppUnitTestExtension: Assembly path does not exist: 'C:\Program Files\dotnet\sdk\7.0.203\Microsoft.VisualStudio.TestTools.CppUnitTestFramework.CppUnitTestExtension.dll', returning.
TpTrace Information: 0 : 17044, 4, 2023/05/12, 00:10:53.870, 235647211854, testhost.dll, AssemblyResolver.OnResolve: Microsoft.VisualStudio.TestTools.CppUnitTestFramework.CppUnitTestExtension: Assembly path does not exist: 'C:\Program Files\dotnet\sdk\7.0.203\Microsoft.VisualStudio.TestTools.CppUnitTestFramework.CppUnitTestExtension.exe', returning.
TpTrace Information: 0 : 17044, 4, 2023/05/12, 00:10:53.870, 235647212257, testhost.dll, AssemblyResolver.OnResolve: Microsoft.VisualStudio.TestTools.CppUnitTestFramework.CppUnitTestExtension: Failed to load assembly.
TpTrace Verbose: 0 : 17044, 4, 2023/05/12, 00:10:53.870, 235647216013, testhost.dll, CurrentDomainAssemblyResolve: Resolving assembly 'Microsoft.VisualStudio.TestTools.CppUnitTestFramework.CppUnitTestExtension'.
TpTrace Information: 0 : 17044, 4, 2023/05/12, 00:10:53.870, 235647217237, testhost.dll, AssemblyResolver.OnResolve: Microsoft.VisualStudio.TestTools.CppUnitTestFramework.CppUnitTestExtension: Resolving assembly.
TpTrace Information: 0 : 17044, 4, 2023/05/12, 00:10:53.870, 235647217757, testhost.dll, AssemblyResolver.OnResolve: Microsoft.VisualStudio.TestTools.CppUnitTestFramework.CppUnitTestExtension: Resolved from cache.
TpTrace Verbose: 0 : 17044, 4, 2023/05/12, 00:10:53.870, 235647218152, testhost.dll, CurrentDomainAssemblyResolve: Resolving assembly 'Microsoft.VisualStudio.TestTools.CppUnitTestFramework.CppUnitTestExtension'.
TpTrace Verbose: 0 : 17044, 4, 2023/05/12, 00:10:53.870, 235647218540, testhost.dll, CurrentDomainAssemblyResolve: Failed to resolve assembly 'Microsoft.VisualStudio.TestTools.CppUnitTestFramework.CppUnitTestExtension'.
TpTrace Verbose: 0 : 17044, 4, 2023/05/12, 00:10:53.871, 235647229702, testhost.dll, CurrentDomainAssemblyResolve: Failed to resolve assembly 'Microsoft.VisualStudio.TestTools.CppUnitTestFramework.CppUnitTestExtension'.
TpTrace Warning: 0 : 17044, 4, 2023/05/12, 00:10:53.886, 235647371561, testhost.dll, TestPluginDiscoverer: Failed to load extensions from file 'Microsoft.VisualStudio.TestTools.CppUnitTestFramework.CppUnitTestExtension.dll'.  Skipping test extension scan for this file.  Error: System.IO.FileNotFoundException: Could not load file or assembly 'Microsoft.VisualStudio.TestTools.CppUnitTestFramework.CppUnitTestExtension, Culture=neutral, PublicKeyToken=null'. The system cannot find the file specified.
File name: 'Microsoft.VisualStudio.TestTools.CppUnitTestFramework.CppUnitTestExtension, Culture=neutral, PublicKeyToken=null'
 ---> System.IO.FileNotFoundException: Could not load file or assembly 'Microsoft.VisualStudio.TestTools.CppUnitTestFramework.CppUnitTestExtension, Culture=neutral, PublicKeyToken=null'. The system cannot find the file specified.
File name: 'Microsoft.VisualStudio.TestTools.CppUnitTestFramework.CppUnitTestExtension, Culture=neutral, PublicKeyToken=null'
   at System.Reflection.RuntimeAssembly.InternalLoad(ObjectHandleOnStack assemblyName, ObjectHandleOnStack requestingAssembly, StackCrawlMarkHandle stackMark, Boolean throwOnFileNotFound, ObjectHandleOnStack assemblyLoadContext, ObjectHandleOnStack retAssembly)
   at System.Reflection.RuntimeAssembly.InternalLoad(AssemblyName assemblyName, RuntimeAssembly requestingAssembly, StackCrawlMark& stackMark, Boolean throwOnFileNotFound, AssemblyLoadContext assemblyLoadContext)
   at System.Reflection.Assembly.Load(AssemblyName assemblyRef)
   at Microsoft.VisualStudio.TestPlatform.Common.ExtensionFramework.TestPluginCache.CurrentDomainAssemblyResolve(Object sender, AssemblyResolveEventArgs args)
   at Microsoft.VisualStudio.TestPlatform.PlatformAbstractions.PlatformAssemblyResolver.AssemblyResolverEvent(Object sender, Object eventArgs)
   at System.Runtime.Loader.AssemblyLoadContext.GetFirstResolvedAssemblyFromResolvingEvent(AssemblyName assemblyName)
   at System.Runtime.Loader.AssemblyLoadContext.ResolveUsingEvent(AssemblyName assemblyName)
   at System.Runtime.Loader.AssemblyLoadContext.ResolveUsingResolvingEvent(IntPtr gchManagedAssemblyLoadContext, AssemblyName assemblyName)
   at System.Reflection.RuntimeAssembly.InternalLoad(ObjectHandleOnStack assemblyName, ObjectHandleOnStack requestingAssembly, StackCrawlMarkHandle stackMark, Boolean throwOnFileNotFound, ObjectHandleOnStack assemblyLoadContext, ObjectHandleOnStack retAssembly)
   at System.Reflection.RuntimeAssembly.InternalLoad(AssemblyName assemblyName, RuntimeAssembly requestingAssembly, StackCrawlMark& stackMark, Boolean throwOnFileNotFound, AssemblyLoadContext assemblyLoadContext)
   at System.Reflection.Assembly.Load(AssemblyName assemblyRef)
   at Microsoft.VisualStudio.TestPlatform.Common.ExtensionFramework.TestPluginDiscoverer.GetTestExtensionsFromFiles[TPluginInfo,TExtension](String[] files, Dictionary`2 pluginInfos)
TpTrace Information: 0 : 17044, 4, 2023/05/12, 00:10:53.886, 235647373140, testhost.dll, AssemblyResolver.OnResolve: Microsoft.VisualStudio.TestPlatform.Extensions.MSAppContainerAdapter: Resolving assembly.
TpTrace Information: 0 : 17044, 4, 2023/05/12, 00:10:53.886, 235647373701, testhost.dll, AssemblyResolver.OnResolve: Microsoft.VisualStudio.TestPlatform.Extensions.MSAppContainerAdapter: Searching in: 'C:\Program Files\dotnet\sdk\7.0.203'.
TpTrace Information: 0 : 17044, 4, 2023/05/12, 00:10:53.886, 235647374668, testhost.dll, AssemblyResolver.OnResolve: Microsoft.VisualStudio.TestPlatform.Extensions.MSAppContainerAdapter: Assembly path does not exist: 'C:\Program Files\dotnet\sdk\7.0.203\Microsoft.VisualStudio.TestPlatform.Extensions.MSAppContainerAdapter.dll', returning.
TpTrace Information: 0 : 17044, 4, 2023/05/12, 00:10:53.886, 235647375932, testhost.dll, AssemblyResolver.OnResolve: Microsoft.VisualStudio.TestPlatform.Extensions.MSAppContainerAdapter: Assembly path does not exist: 'C:\Program Files\dotnet\sdk\7.0.203\Microsoft.VisualStudio.TestPlatform.Extensions.MSAppContainerAdapter.exe', returning.
TpTrace Information: 0 : 17044, 4, 2023/05/12, 00:10:53.886, 235647376330, testhost.dll, AssemblyResolver.OnResolve: Microsoft.VisualStudio.TestPlatform.Extensions.MSAppContainerAdapter: Failed to load assembly.
TpTrace Verbose: 0 : 17044, 4, 2023/05/12, 00:10:53.886, 235647376688, testhost.dll, CurrentDomainAssemblyResolve: Resolving assembly 'Microsoft.VisualStudio.TestPlatform.Extensions.MSAppContainerAdapter'.
TpTrace Information: 0 : 17044, 4, 2023/05/12, 00:10:53.886, 235647377169, testhost.dll, AssemblyResolver.OnResolve: Microsoft.VisualStudio.TestPlatform.Extensions.MSAppContainerAdapter: Resolving assembly.
TpTrace Information: 0 : 17044, 4, 2023/05/12, 00:10:53.886, 235647377944, testhost.dll, AssemblyResolver.OnResolve: Microsoft.VisualStudio.TestPlatform.Extensions.MSAppContainerAdapter: Resolved from cache.
TpTrace Verbose: 0 : 17044, 4, 2023/05/12, 00:10:53.886, 235647378277, testhost.dll, CurrentDomainAssemblyResolve: Resolving assembly 'Microsoft.VisualStudio.TestPlatform.Extensions.MSAppContainerAdapter'.
TpTrace Verbose: 0 : 17044, 4, 2023/05/12, 00:10:53.886, 235647378595, testhost.dll, CurrentDomainAssemblyResolve: Failed to resolve assembly 'Microsoft.VisualStudio.TestPlatform.Extensions.MSAppContainerAdapter'.
TpTrace Verbose: 0 : 17044, 4, 2023/05/12, 00:10:53.887, 235647380020, testhost.dll, CurrentDomainAssemblyResolve: Failed to resolve assembly 'Microsoft.VisualStudio.TestPlatform.Extensions.MSAppContainerAdapter'.
TpTrace Warning: 0 : 17044, 4, 2023/05/12, 00:10:53.887, 235647383029, testhost.dll, TestPluginDiscoverer: Failed to load extensions from file 'Microsoft.VisualStudio.TestPlatform.Extensions.MSAppContainerAdapter.dll'.  Skipping test extension scan for this file.  Error: System.IO.FileNotFoundException: Could not load file or assembly 'Microsoft.VisualStudio.TestPlatform.Extensions.MSAppContainerAdapter, Culture=neutral, PublicKeyToken=null'. The system cannot find the file specified.
File name: 'Microsoft.VisualStudio.TestPlatform.Extensions.MSAppContainerAdapter, Culture=neutral, PublicKeyToken=null'
 ---> System.IO.FileNotFoundException: Could not load file or assembly 'Microsoft.VisualStudio.TestPlatform.Extensions.MSAppContainerAdapter, Culture=neutral, PublicKeyToken=null'. The system cannot find the file specified.
File name: 'Microsoft.VisualStudio.TestPlatform.Extensions.MSAppContainerAdapter, Culture=neutral, PublicKeyToken=null'
   at System.Reflection.RuntimeAssembly.InternalLoad(ObjectHandleOnStack assemblyName, ObjectHandleOnStack requestingAssembly, StackCrawlMarkHandle stackMark, Boolean throwOnFileNotFound, ObjectHandleOnStack assemblyLoadContext, ObjectHandleOnStack retAssembly)
   at System.Reflection.RuntimeAssembly.InternalLoad(AssemblyName assemblyName, RuntimeAssembly requestingAssembly, StackCrawlMark& stackMark, Boolean throwOnFileNotFound, AssemblyLoadContext assemblyLoadContext)
   at System.Reflection.Assembly.Load(AssemblyName assemblyRef)
   at Microsoft.VisualStudio.TestPlatform.Common.ExtensionFramework.TestPluginCache.CurrentDomainAssemblyResolve(Object sender, AssemblyResolveEventArgs args)
   at Microsoft.VisualStudio.TestPlatform.PlatformAbstractions.PlatformAssemblyResolver.AssemblyResolverEvent(Object sender, Object eventArgs)
   at System.Runtime.Loader.AssemblyLoadContext.GetFirstResolvedAssemblyFromResolvingEvent(AssemblyName assemblyName)
   at System.Runtime.Loader.AssemblyLoadContext.ResolveUsingEvent(AssemblyName assemblyName)
   at System.Runtime.Loader.AssemblyLoadContext.ResolveUsingResolvingEvent(IntPtr gchManagedAssemblyLoadContext, AssemblyName assemblyName)
   at System.Reflection.RuntimeAssembly.InternalLoad(ObjectHandleOnStack assemblyName, ObjectHandleOnStack requestingAssembly, StackCrawlMarkHandle stackMark, Boolean throwOnFileNotFound, ObjectHandleOnStack assemblyLoadContext, ObjectHandleOnStack retAssembly)
   at System.Reflection.RuntimeAssembly.InternalLoad(AssemblyName assemblyName, RuntimeAssembly requestingAssembly, StackCrawlMark& stackMark, Boolean throwOnFileNotFound, AssemblyLoadContext assemblyLoadContext)
   at System.Reflection.Assembly.Load(AssemblyName assemblyRef)
   at Microsoft.VisualStudio.TestPlatform.Common.ExtensionFramework.TestPluginDiscoverer.GetTestExtensionsFromFiles[TPluginInfo,TExtension](String[] files, Dictionary`2 pluginInfos)
TpTrace Verbose: 0 : 17044, 4, 2023/05/12, 00:10:53.890, 235647412847, testhost.dll, TestPluginCache: Discovered the extensions using extension path ''.
TpTrace Verbose: 0 : 17044, 4, 2023/05/12, 00:10:53.890, 235647418575, testhost.dll, TestPluginCache: Discoverers are ''.
TpTrace Verbose: 0 : 17044, 4, 2023/05/12, 00:10:53.890, 235647419374, testhost.dll, TestPluginCache: Executors are ''.
TpTrace Verbose: 0 : 17044, 4, 2023/05/12, 00:10:53.891, 235647419953, testhost.dll, TestPluginCache: Executors2 are ''.
TpTrace Verbose: 0 : 17044, 4, 2023/05/12, 00:10:53.891, 235647420694, testhost.dll, TestPluginCache: Setting providers are ''.
TpTrace Verbose: 0 : 17044, 4, 2023/05/12, 00:10:53.891, 235647421282, testhost.dll, TestPluginCache: Loggers are ''.
TpTrace Verbose: 0 : 17044, 4, 2023/05/12, 00:10:53.891, 235647421827, testhost.dll, TestPluginCache: TestHosts are ''.
TpTrace Verbose: 0 : 17044, 4, 2023/05/12, 00:10:53.891, 235647422360, testhost.dll, TestPluginCache: DataCollectors are ''.
TpTrace Verbose: 0 : 17044, 4, 2023/05/12, 00:10:53.966, 235648179289, testhost.dll, MulticastDelegateUtilities.SafeInvoke: TestCaseEventsHandler.RaiseSessionStart: Invoking callbacks was skipped because there are no subscribers.
TpTrace Information: 0 : 17044, 4, 2023/05/12, 00:10:53.971, 235648227885, testhost.dll, TestDiscoveryManager: Discovering tests from sources D:\Design_patterns\Singleton\Singleton\Singleton\bin\Debug\net6.0\fine-code-coverage\build-output\Singleton.dll
TpTrace Verbose: 0 : 17044, 4, 2023/05/12, 00:10:53.981, 235648323448, testhost.dll, TestPluginCache.DiscoverTestExtensions: finding test extensions in assemblies ends with: TestAdapter.dll TPluginInfo: Microsoft.VisualStudio.TestPlatform.Common.ExtensionFramework.Utilities.TestDiscovererPluginInformation TExtension: Microsoft.VisualStudio.TestPlatform.ObjectModel.Adapter.ITestDiscoverer
TpTrace Verbose: 0 : 17044, 4, 2023/05/12, 00:10:53.981, 235648328879, testhost.dll, TestPluginCache.GetExtensionPaths: Filtered extension paths: 
TpTrace Verbose: 0 : 17044, 4, 2023/05/12, 00:10:53.981, 235648329703, testhost.dll, TestPluginCache.GetExtensionPaths: Added default extension paths: 
TpTrace Verbose: 0 : 17044, 4, 2023/05/12, 00:10:53.982, 235648330196, testhost.dll, TestPluginCache.GetExtensionPaths: Added unfilterableExtensionPaths: 
TpTrace Information: 0 : 17044, 4, 2023/05/12, 00:10:53.982, 235648337387, testhost.dll, AssemblyResolver.AddSearchDirectories: Adding more searchDirectories C:\Program Files\dotnet\sdk\7.0.203
TpTrace Verbose: 0 : 17044, 4, 2023/05/12, 00:10:53.982, 235648338568, testhost.dll, TestPluginCache.DiscoverTestExtensions: Discovering the extensions using extension path.
TpTrace Verbose: 0 : 17044, 4, 2023/05/12, 00:10:53.982, 235648339215, testhost.dll, TestPluginCache.GetExtensionPaths: Filtered extension paths: 
TpTrace Verbose: 0 : 17044, 4, 2023/05/12, 00:10:53.982, 235648339755, testhost.dll, TestPluginCache.GetExtensionPaths: Added default extension paths: 
TpTrace Verbose: 0 : 17044, 4, 2023/05/12, 00:10:53.983, 235648340254, testhost.dll, TestPluginCache.GetExtensionPaths: Added unfilterableExtensionPaths: 
TpTrace Verbose: 0 : 17044, 4, 2023/05/12, 00:10:53.983, 235648340791, testhost.dll, TestPluginCache.DiscoverTestExtensions: Discovering the extensions using allExtensionPaths: 
TpTrace Information: 0 : 17044, 4, 2023/05/12, 00:10:53.983, 235648342370, testhost.dll, AssemblyResolver.OnResolve: Microsoft.VisualStudio.TestTools.CppUnitTestFramework.CppUnitTestExtension: Resolving assembly.
TpTrace Information: 0 : 17044, 4, 2023/05/12, 00:10:53.983, 235648343015, testhost.dll, AssemblyResolver.OnResolve: Microsoft.VisualStudio.TestTools.CppUnitTestFramework.CppUnitTestExtension: Resolved from cache.
TpTrace Verbose: 0 : 17044, 4, 2023/05/12, 00:10:53.983, 235648343582, testhost.dll, CurrentDomainAssemblyResolve: Resolving assembly 'Microsoft.VisualStudio.TestTools.CppUnitTestFramework.CppUnitTestExtension'.
TpTrace Information: 0 : 17044, 4, 2023/05/12, 00:10:53.983, 235648344385, testhost.dll, AssemblyResolver.OnResolve: Microsoft.VisualStudio.TestTools.CppUnitTestFramework.CppUnitTestExtension: Resolving assembly.
TpTrace Information: 0 : 17044, 4, 2023/05/12, 00:10:53.983, 235648344865, testhost.dll, AssemblyResolver.OnResolve: Microsoft.VisualStudio.TestTools.CppUnitTestFramework.CppUnitTestExtension: Resolved from cache.
TpTrace Verbose: 0 : 17044, 4, 2023/05/12, 00:10:53.983, 235648345380, testhost.dll, CurrentDomainAssemblyResolve: Resolving assembly 'Microsoft.VisualStudio.TestTools.CppUnitTestFramework.CppUnitTestExtension'.
TpTrace Verbose: 0 : 17044, 4, 2023/05/12, 00:10:53.983, 235648345884, testhost.dll, CurrentDomainAssemblyResolve: Failed to resolve assembly 'Microsoft.VisualStudio.TestTools.CppUnitTestFramework.CppUnitTestExtension'.
TpTrace Verbose: 0 : 17044, 4, 2023/05/12, 00:10:53.983, 235648348299, testhost.dll, CurrentDomainAssemblyResolve: Failed to resolve assembly 'Microsoft.VisualStudio.TestTools.CppUnitTestFramework.CppUnitTestExtension'.
TpTrace Warning: 0 : 17044, 4, 2023/05/12, 00:10:53.984, 235648353782, testhost.dll, TestPluginDiscoverer: Failed to load extensions from file 'Microsoft.VisualStudio.TestTools.CppUnitTestFramework.CppUnitTestExtension.dll'.  Skipping test extension scan for this file.  Error: System.IO.FileNotFoundException: Could not load file or assembly 'Microsoft.VisualStudio.TestTools.CppUnitTestFramework.CppUnitTestExtension, Culture=neutral, PublicKeyToken=null'. The system cannot find the file specified.
File name: 'Microsoft.VisualStudio.TestTools.CppUnitTestFramework.CppUnitTestExtension, Culture=neutral, PublicKeyToken=null'
 ---> System.IO.FileNotFoundException: Could not load file or assembly 'Microsoft.VisualStudio.TestTools.CppUnitTestFramework.CppUnitTestExtension, Culture=neutral, PublicKeyToken=null'. The system cannot find the file specified.
File name: 'Microsoft.VisualStudio.TestTools.CppUnitTestFramework.CppUnitTestExtension, Culture=neutral, PublicKeyToken=null'
   at System.Reflection.RuntimeAssembly.InternalLoad(ObjectHandleOnStack assemblyName, ObjectHandleOnStack requestingAssembly, StackCrawlMarkHandle stackMark, Boolean throwOnFileNotFound, ObjectHandleOnStack assemblyLoadContext, ObjectHandleOnStack retAssembly)
   at System.Reflection.RuntimeAssembly.InternalLoad(AssemblyName assemblyName, RuntimeAssembly requestingAssembly, StackCrawlMark& stackMark, Boolean throwOnFileNotFound, AssemblyLoadContext assemblyLoadContext)
   at System.Reflection.Assembly.Load(AssemblyName assemblyRef)
   at Microsoft.VisualStudio.TestPlatform.Common.ExtensionFramework.TestPluginCache.CurrentDomainAssemblyResolve(Object sender, AssemblyResolveEventArgs args)
   at Microsoft.VisualStudio.TestPlatform.PlatformAbstractions.PlatformAssemblyResolver.AssemblyResolverEvent(Object sender, Object eventArgs)
   at System.Runtime.Loader.AssemblyLoadContext.GetFirstResolvedAssemblyFromResolvingEvent(AssemblyName assemblyName)
   at System.Runtime.Loader.AssemblyLoadContext.ResolveUsingEvent(AssemblyName assemblyName)
   at System.Runtime.Loader.AssemblyLoadContext.ResolveUsingResolvingEvent(IntPtr gchManagedAssemblyLoadContext, AssemblyName assemblyName)
   at System.Reflection.RuntimeAssembly.InternalLoad(ObjectHandleOnStack assemblyName, ObjectHandleOnStack requestingAssembly, StackCrawlMarkHandle stackMark, Boolean throwOnFileNotFound, ObjectHandleOnStack assemblyLoadContext, ObjectHandleOnStack retAssembly)
   at System.Reflection.RuntimeAssembly.InternalLoad(AssemblyName assemblyName, RuntimeAssembly requestingAssembly, StackCrawlMark& stackMark, Boolean throwOnFileNotFound, AssemblyLoadContext assemblyLoadContext)
   at System.Reflection.Assembly.Load(AssemblyName assemblyRef)
   at Microsoft.VisualStudio.TestPlatform.Common.ExtensionFramework.TestPluginDiscoverer.GetTestExtensionsFromFiles[TPluginInfo,TExtension](String[] files, Dictionary`2 pluginInfos)
TpTrace Information: 0 : 17044, 4, 2023/05/12, 00:10:53.984, 235648355329, testhost.dll, AssemblyResolver.OnResolve: Microsoft.VisualStudio.TestPlatform.Extensions.MSAppContainerAdapter: Resolving assembly.
TpTrace Information: 0 : 17044, 4, 2023/05/12, 00:10:53.984, 235648355975, testhost.dll, AssemblyResolver.OnResolve: Microsoft.VisualStudio.TestPlatform.Extensions.MSAppContainerAdapter: Resolved from cache.
TpTrace Verbose: 0 : 17044, 4, 2023/05/12, 00:10:53.984, 235648356562, testhost.dll, CurrentDomainAssemblyResolve: Resolving assembly 'Microsoft.VisualStudio.TestPlatform.Extensions.MSAppContainerAdapter'.
TpTrace Information: 0 : 17044, 4, 2023/05/12, 00:10:53.984, 235648357460, testhost.dll, AssemblyResolver.OnResolve: Microsoft.VisualStudio.TestPlatform.Extensions.MSAppContainerAdapter: Resolving assembly.
TpTrace Information: 0 : 17044, 4, 2023/05/12, 00:10:53.984, 235648358015, testhost.dll, AssemblyResolver.OnResolve: Microsoft.VisualStudio.TestPlatform.Extensions.MSAppContainerAdapter: Resolved from cache.
TpTrace Verbose: 0 : 17044, 4, 2023/05/12, 00:10:53.984, 235648358583, testhost.dll, CurrentDomainAssemblyResolve: Resolving assembly 'Microsoft.VisualStudio.TestPlatform.Extensions.MSAppContainerAdapter'.
TpTrace Verbose: 0 : 17044, 4, 2023/05/12, 00:10:53.984, 235648359139, testhost.dll, CurrentDomainAssemblyResolve: Failed to resolve assembly 'Microsoft.VisualStudio.TestPlatform.Extensions.MSAppContainerAdapter'.
TpTrace Verbose: 0 : 17044, 4, 2023/05/12, 00:10:53.985, 235648361171, testhost.dll, CurrentDomainAssemblyResolve: Failed to resolve assembly 'Microsoft.VisualStudio.TestPlatform.Extensions.MSAppContainerAdapter'.
TpTrace Warning: 0 : 17044, 4, 2023/05/12, 00:10:53.985, 235648365334, testhost.dll, TestPluginDiscoverer: Failed to load extensions from file 'Microsoft.VisualStudio.TestPlatform.Extensions.MSAppContainerAdapter.dll'.  Skipping test extension scan for this file.  Error: System.IO.FileNotFoundException: Could not load file or assembly 'Microsoft.VisualStudio.TestPlatform.Extensions.MSAppContainerAdapter, Culture=neutral, PublicKeyToken=null'. The system cannot find the file specified.
File name: 'Microsoft.VisualStudio.TestPlatform.Extensions.MSAppContainerAdapter, Culture=neutral, PublicKeyToken=null'
 ---> System.IO.FileNotFoundException: Could not load file or assembly 'Microsoft.VisualStudio.TestPlatform.Extensions.MSAppContainerAdapter, Culture=neutral, PublicKeyToken=null'. The system cannot find the file specified.
File name: 'Microsoft.VisualStudio.TestPlatform.Extensions.MSAppContainerAdapter, Culture=neutral, PublicKeyToken=null'
   at System.Reflection.RuntimeAssembly.InternalLoad(ObjectHandleOnStack assemblyName, ObjectHandleOnStack requestingAssembly, StackCrawlMarkHandle stackMark, Boolean throwOnFileNotFound, ObjectHandleOnStack assemblyLoadContext, ObjectHandleOnStack retAssembly)
   at System.Reflection.RuntimeAssembly.InternalLoad(AssemblyName assemblyName, RuntimeAssembly requestingAssembly, StackCrawlMark& stackMark, Boolean throwOnFileNotFound, AssemblyLoadContext assemblyLoadContext)
   at System.Reflection.Assembly.Load(AssemblyName assemblyRef)
   at Microsoft.VisualStudio.TestPlatform.Common.ExtensionFramework.TestPluginCache.CurrentDomainAssemblyResolve(Object sender, AssemblyResolveEventArgs args)
   at Microsoft.VisualStudio.TestPlatform.PlatformAbstractions.PlatformAssemblyResolver.AssemblyResolverEvent(Object sender, Object eventArgs)
   at System.Runtime.Loader.AssemblyLoadContext.GetFirstResolvedAssemblyFromResolvingEvent(AssemblyName assemblyName)
   at System.Runtime.Loader.AssemblyLoadContext.ResolveUsingEvent(AssemblyName assemblyName)
   at System.Runtime.Loader.AssemblyLoadContext.ResolveUsingResolvingEvent(IntPtr gchManagedAssemblyLoadContext, AssemblyName assemblyName)
   at System.Reflection.RuntimeAssembly.InternalLoad(ObjectHandleOnStack assemblyName, ObjectHandleOnStack requestingAssembly, StackCrawlMarkHandle stackMark, Boolean throwOnFileNotFound, ObjectHandleOnStack assemblyLoadContext, ObjectHandleOnStack retAssembly)
   at System.Reflection.RuntimeAssembly.InternalLoad(AssemblyName assemblyName, RuntimeAssembly requestingAssembly, StackCrawlMark& stackMark, Boolean throwOnFileNotFound, AssemblyLoadContext assemblyLoadContext)
   at System.Reflection.Assembly.Load(AssemblyName assemblyRef)
   at Microsoft.VisualStudio.TestPlatform.Common.ExtensionFramework.TestPluginDiscoverer.GetTestExtensionsFromFiles[TPluginInfo,TExtension](String[] files, Dictionary`2 pluginInfos)
TpTrace Verbose: 0 : 17044, 4, 2023/05/12, 00:10:53.985, 235648369001, testhost.dll, TestPluginCache: Discovered the extensions using extension path ''.
TpTrace Verbose: 0 : 17044, 4, 2023/05/12, 00:10:53.986, 235648370064, testhost.dll, TestPluginCache: Discoverers are ''.
TpTrace Verbose: 0 : 17044, 4, 2023/05/12, 00:10:53.986, 235648370718, testhost.dll, TestPluginCache: Executors are ''.
TpTrace Verbose: 0 : 17044, 4, 2023/05/12, 00:10:53.986, 235648371270, testhost.dll, TestPluginCache: Executors2 are ''.
TpTrace Verbose: 0 : 17044, 4, 2023/05/12, 00:10:53.986, 235648371880, testhost.dll, TestPluginCache: Setting providers are ''.
TpTrace Verbose: 0 : 17044, 4, 2023/05/12, 00:10:53.986, 235648372466, testhost.dll, TestPluginCache: Loggers are ''.
TpTrace Verbose: 0 : 17044, 4, 2023/05/12, 00:10:53.986, 235648373033, testhost.dll, TestPluginCache: TestHosts are ''.
TpTrace Verbose: 0 : 17044, 4, 2023/05/12, 00:10:53.986, 235648373589, testhost.dll, TestPluginCache: DataCollectors are ''.
TpTrace Warning: 0 : 17044, 4, 2023/05/12, 00:10:53.987, 235648386846, testhost.dll, No test is available in D:\Design_patterns\Singleton\Singleton\Singleton\bin\Debug\net6.0\fine-code-coverage\build-output\Singleton.dll. Make sure that test discoverer & executors are registered and platform & framework version settings are appropriate and try again.
TpTrace Verbose: 0 : 17044, 4, 2023/05/12, 00:10:53.987, 235648388741, testhost.dll, TestRequestHandler.SendData: sending data from testhost: {"Version":7,"MessageType":"TestSession.Message","Payload":{"MessageLevel":1,"Message":"No test is available in D:\\Design_patterns\\Singleton\\Singleton\\Singleton\\bin\\Debug\\net6.0\\fine-code-coverage\\build-output\\Singleton.dll. Make sure that test discoverer & executors are registered and platform & framework version settings are appropriate and try again."}}
TpTrace Verbose: 0 : 17044, 4, 2023/05/12, 00:10:53.988, 235648390860, testhost.dll, MulticastDelegateUtilities.SafeInvoke: TestRunMessageLoggerProxy.SendMessage: Invoking callback 1/1 for Microsoft.VisualStudio.TestPlatform.CrossPlatEngine.Execution.RunTestsWithSources., took 0 ms.
TpTrace Verbose: 0 : 17044, 4, 2023/05/12, 00:10:53.998, 235648499099, testhost.dll, MulticastDelegateUtilities.SafeInvoke: TestCaseEventsHandler.RaiseSessionEnd: Invoking callback 1/1 for Microsoft.VisualStudio.TestPlatform.CrossPlatEngine.DataCollection.ProxyOutOfProcDataCollectionManager., took 4 ms.
TpTrace Information: 0 : 17044, 4, 2023/05/12, 00:10:54.002, 235648538538, testhost.dll, Sending test run complete
TpTrace Verbose: 0 : 17044, 4, 2023/05/12, 00:10:54.025, 235648768415, testhost.dll, TestRequestHandler.SendData: sending data from testhost: {"Version":7,"MessageType":"TestExecution.Completed","Payload":{"TestRunCompleteArgs":{"TestRunStatistics":{"ExecutedTests":0,"Stats":{}},"IsCanceled":false,"IsAborted":false,"Error":null,"AttachmentSets":[],"InvokedDataCollectors":[],"ElapsedTimeInRunningTests":"00:00:00.0056388","Metrics":{},"DiscoveredExtensions":{"TestDiscoverers":[],"TestSettingsProviders":[]}},"LastRunTests":{"NewTestResults":[],"TestRunStatistics":{"ExecutedTests":0,"Stats":{}},"ActiveTests":[]},"RunAttachments":[],"ExecutorUris":[]}}
TpTrace Verbose: 0 : 17044, 4, 2023/05/12, 00:10:54.026, 235648772516, testhost.dll, BaseRunTests.RunTests: Run is complete.
TpTrace Verbose: 0 : 17044, 10, 2023/05/12, 00:10:54.026, 235648775615, testhost.dll, TcpClientExtensions.MessageLoopAsync: NotifyDataAvailable remoteEndPoint: [::ffff:127.0.0.1]:65470 localEndPoint: [::ffff:127.0.0.1]:65471
TpTrace Information: 0 : 17044, 10, 2023/05/12, 00:10:54.026, 235648776692, testhost.dll, TestRequestHandler.OnMessageReceived: received message: (TestSession.Terminate) -> {"MessageType":"TestSession.Terminate","Payload":null}
TpTrace Information: 0 : 17044, 10, 2023/05/12, 00:10:54.026, 235648777132, testhost.dll, Session End message received from server. Closing the connection.
TpTrace Information: 0 : 17044, 10, 2023/05/12, 00:10:54.027, 235648780887, testhost.dll, SocketClient.Stop: Stop communication from server endpoint: 127.0.0.1:065470
TpTrace Information: 0 : 17044, 10, 2023/05/12, 00:10:54.027, 235648781435, testhost.dll, SocketClient: Stop: Cancellation requested. Stopping message loop.
TpTrace Verbose: 0 : 17044, 10, 2023/05/12, 00:10:54.027, 235648782964, testhost.dll, LengthPrefixCommunicationChannel.Dispose: Dispose reader and writer.
TpTrace Information: 0 : 17044, 10, 2023/05/12, 00:10:54.027, 235648783555, testhost.dll, Closing the connection !
TpTrace Verbose: 0 : 17044, 10, 2023/05/12, 00:10:54.027, 235648783981, testhost.dll, MulticastDelegateUtilities.SafeInvoke: LengthPrefixCommunicationChannel: MessageReceived: Invoking callback 1/1 for Microsoft.VisualStudio.TestPlatform.CommunicationUtilities.TestRequestHandler., took 0 ms.
TpTrace Information: 0 : 17044, 10, 2023/05/12, 00:10:54.027, 235648785893, testhost.dll, SocketClient.PrivateStop: Stop communication from server endpoint: 127.0.0.1:065470, error:
TpTrace Verbose: 0 : 17044, 10, 2023/05/12, 00:10:54.027, 235648787162, testhost.dll, LengthPrefixCommunicationChannel.Dispose: Dispose reader and writer.
TpTrace Information: 0 : 17044, 1, 2023/05/12, 00:10:54.027, 235648787332, testhost.dll, Closing the connection!
TpTrace Verbose: 0 : 17044, 10, 2023/05/12, 00:10:54.027, 235648787803, testhost.dll, TcpClientExtensions.MessageLoopAsync: exiting MessageLoopAsync remoteEndPoint: [::ffff:127.0.0.1]:65470 localEndPoint: [::ffff:127.0.0.1]:65471
TpTrace Information: 0 : 17044, 1, 2023/05/12, 00:10:54.027, 235648788810, testhost.dll, Testhost process exiting.
